---------------------------------------------------------------
[ 2018-12-29T13:58:03+08:00 ] 127.0.0.1 127.0.0.1 GET /
[ info ] www.crmeb.net/ [运行时间：0.369596s][吞吐率：2.71req/s] [内存消耗：2,200.90kb] [文件加载：58]
[ info ] [ LANG ] C:\Code\Mine\crmeb\thinkphp\lang\zh-cn.php
[ info ] [ ROUTE ] array (
  'type' => 'module',
  'module' => 
  array (
    0 => '',
    1 => NULL,
    2 => NULL,
  ),
)
[ info ] [ HEADER ] array (
  'accept-language' => 'zh-CN,zh;q=0.9,en;q=0.8',
  'accept-encoding' => 'gzip, deflate',
  'accept' => 'text/html,application/xhtml+xml,application/xml;q=0.9,image/webp,image/apng,*/*;q=0.8',
  'user-agent' => 'Mozilla/5.0 (Windows NT 10.0; WOW64) AppleWebKit/537.36 (KHTML, like Gecko) Chrome/70.0.3538.102 Safari/537.36',
  'upgrade-insecure-requests' => '1',
  'connection' => 'close',
  'host' => 'www.crmeb.net',
)
[ info ] [ PARAM ] array (
)
[ info ] [ SESSION ] INIT array (
  'prefix' => 'admin',
  'type' => '',
  'auto_start' => true,
)
[ info ] [ LOG ] INIT File
---------------------------------------------------------------
[ 2018-12-29T13:58:03+08:00 ] 127.0.0.1 127.0.0.1 GET /admin/login/index.html
[ info ] www.crmeb.net/admin/login/index.html [运行时间：0.300583s][吞吐率：3.33req/s] [内存消耗：1,896.56kb] [文件加载：54]
[ info ] [ LANG ] C:\Code\Mine\crmeb\thinkphp\lang\zh-cn.php
[ info ] [ ROUTE ] array (
  'type' => 'module',
  'module' => 
  array (
    0 => 'admin',
    1 => 'login',
    2 => 'index',
  ),
)
[ info ] [ HEADER ] array (
  'cookie' => 'PHPSESSID=mjl99sp53dt062icpihoq2o972',
  'accept-language' => 'zh-CN,zh;q=0.9,en;q=0.8',
  'accept-encoding' => 'gzip, deflate',
  'accept' => 'text/html,application/xhtml+xml,application/xml;q=0.9,image/webp,image/apng,*/*;q=0.8',
  'user-agent' => 'Mozilla/5.0 (Windows NT 10.0; WOW64) AppleWebKit/537.36 (KHTML, like Gecko) Chrome/70.0.3538.102 Safari/537.36',
  'upgrade-insecure-requests' => '1',
  'connection' => 'close',
  'host' => 'www.crmeb.net',
)
[ info ] [ PARAM ] array (
  '/admin/login/index_html' => '',
)
[ info ] [ RUN ] app\admin\controller\Login->index[ C:\Code\Mine\crmeb\application\admin\controller\Login.php ]
[ info ] [ VIEW ] C:\Code\Mine\crmeb/application/admin\view\login\index.php [ array (
) ]
[ info ] [ LOG ] INIT File
---------------------------------------------------------------
[ 2018-12-29T13:58:04+08:00 ] 127.0.0.1 127.0.0.1 GET /admin/login/captcha.html
[ info ] www.crmeb.net/admin/login/captcha.html [运行时间：0.321383s][吞吐率：3.11req/s] [内存消耗：1,754.70kb] [文件加载：51]
[ info ] [ LANG ] C:\Code\Mine\crmeb\thinkphp\lang\zh-cn.php
[ info ] [ ROUTE ] array (
  'type' => 'module',
  'module' => 
  array (
    0 => 'admin',
    1 => 'login',
    2 => 'captcha',
  ),
)
[ info ] [ HEADER ] array (
  'cookie' => 'PHPSESSID=mjl99sp53dt062icpihoq2o972',
  'accept-language' => 'zh-CN,zh;q=0.9,en;q=0.8',
  'accept-encoding' => 'gzip, deflate',
  'referer' => 'http://www.crmeb.net/admin/login/index.html',
  'accept' => 'image/webp,image/apng,image/*,*/*;q=0.8',
  'user-agent' => 'Mozilla/5.0 (Windows NT 10.0; WOW64) AppleWebKit/537.36 (KHTML, like Gecko) Chrome/70.0.3538.102 Safari/537.36',
  'connection' => 'close',
  'host' => 'www.crmeb.net',
)
[ info ] [ PARAM ] array (
  '/admin/login/captcha_html' => '',
)
[ info ] [ RUN ] app\admin\controller\Login->captcha[ C:\Code\Mine\crmeb\application\admin\controller\Login.php ]
[ info ] [ SESSION ] INIT array (
  'prefix' => 'admin',
  'type' => '',
  'auto_start' => true,
)
[ info ] [ LOG ] INIT File
---------------------------------------------------------------
[ 2018-12-29T13:58:10+08:00 ] 127.0.0.1 127.0.0.1 POST /admin/login/verify.html
[ info ] www.crmeb.net/admin/login/verify.html [运行时间：0.427403s][吞吐率：2.34req/s] [内存消耗：3,069.83kb] [文件加载：71]
[ info ] [ LANG ] C:\Code\Mine\crmeb\thinkphp\lang\zh-cn.php
[ info ] [ ROUTE ] array (
  'type' => 'module',
  'module' => 
  array (
    0 => 'admin',
    1 => 'login',
    2 => 'verify',
  ),
)
[ info ] [ HEADER ] array (
  'cookie' => 'PHPSESSID=mjl99sp53dt062icpihoq2o972',
  'accept-language' => 'zh-CN,zh;q=0.9,en;q=0.8',
  'accept-encoding' => 'gzip, deflate',
  'referer' => 'http://www.crmeb.net/admin/login/index.html',
  'accept' => 'text/html,application/xhtml+xml,application/xml;q=0.9,image/webp,image/apng,*/*;q=0.8',
  'user-agent' => 'Mozilla/5.0 (Windows NT 10.0; WOW64) AppleWebKit/537.36 (KHTML, like Gecko) Chrome/70.0.3538.102 Safari/537.36',
  'content-type' => 'application/x-www-form-urlencoded',
  'upgrade-insecure-requests' => '1',
  'origin' => 'http://www.crmeb.net',
  'cache-control' => 'max-age=0',
  'content-length' => '36',
  'connection' => 'close',
  'host' => 'www.crmeb.net',
)
[ info ] [ PARAM ] array (
  '/admin/login/verify_html' => '',
  'account' => 'admin',
  'pwd' => '123456',
  'verify' => '3260',
)
[ info ] [ RUN ] app\admin\controller\Login->verify[ C:\Code\Mine\crmeb\application\admin\controller\Login.php ]
[ info ] [ SESSION ] INIT array (
  'prefix' => 'admin',
  'type' => '',
  'auto_start' => true,
)
[ info ] [ DB ] INIT mysql
[ info ] [ CACHE ] INIT File
[ info ] [ BEHAVIOR ] Run behavior\system\SystemBehavior @system_admin_login_after [ RunTime:0.012002s ]
[ info ] [ LOG ] INIT File
[ sql ] [ DB ] CONNECT:[ UseTime:0.003391s ] mysql:host=127.0.0.1;dbname=crmeb_new;charset=utf8
[ sql ] [ SQL ] SHOW COLUMNS FROM `eb_system_admin` [ RunTime:0.075254s ]
[ sql ] [ SQL ] SELECT * FROM `eb_system_admin` WHERE  `account` = 'admin' LIMIT 1 [ RunTime:0.002495s ]
[ sql ] [ SQL ] UPDATE `eb_system_admin`  SET `last_ip`='127.0.0.1',`last_time`=1546063090  WHERE  `id` = 1 [ RunTime:0.002014s ]
---------------------------------------------------------------
[ 2018-12-29T13:58:11+08:00 ] 127.0.0.1 127.0.0.1 GET /admin/index/index.html
[ info ] www.crmeb.net/admin/index/index.html [运行时间：0.836187s][吞吐率：1.20req/s] [内存消耗：3,462.09kb] [文件加载：72]
[ info ] [ LANG ] C:\Code\Mine\crmeb\thinkphp\lang\zh-cn.php
[ info ] [ ROUTE ] array (
  'type' => 'module',
  'module' => 
  array (
    0 => 'admin',
    1 => 'index',
    2 => 'index',
  ),
)
[ info ] [ HEADER ] array (
  'cookie' => 'PHPSESSID=mjl99sp53dt062icpihoq2o972',
  'accept-language' => 'zh-CN,zh;q=0.9,en;q=0.8',
  'accept-encoding' => 'gzip, deflate',
  'referer' => 'http://www.crmeb.net/admin/login/index.html',
  'accept' => 'text/html,application/xhtml+xml,application/xml;q=0.9,image/webp,image/apng,*/*;q=0.8',
  'user-agent' => 'Mozilla/5.0 (Windows NT 10.0; WOW64) AppleWebKit/537.36 (KHTML, like Gecko) Chrome/70.0.3538.102 Safari/537.36',
  'upgrade-insecure-requests' => '1',
  'cache-control' => 'max-age=0',
  'connection' => 'close',
  'host' => 'www.crmeb.net',
)
[ info ] [ PARAM ] array (
  '/admin/index/index_html' => '',
)
[ info ] [ SESSION ] INIT array (
  'prefix' => 'admin',
  'type' => '',
  'auto_start' => true,
)
[ info ] [ DB ] INIT mysql
[ info ] [ BEHAVIOR ] Run behavior\system\SystemBehavior @admin_visit [ RunTime:0.000061s ]
[ info ] [ RUN ] app\admin\controller\Index->index[ C:\Code\Mine\crmeb\application\admin\controller\Index.php ]
[ info ] [ VIEW ] C:\Code\Mine\crmeb/application/admin\view\index\index.php [ array (
  0 => '_admin',
  1 => 'menuList',
  2 => 'site_logo',
  3 => 'role_name',
) ]
[ info ] [ LOG ] INIT File
[ sql ] [ DB ] CONNECT:[ UseTime:0.002566s ] mysql:host=127.0.0.1;dbname=crmeb_new;charset=utf8
[ sql ] [ SQL ] SHOW COLUMNS FROM `eb_system_admin` [ RunTime:0.088747s ]
[ sql ] [ SQL ] SELECT * FROM `eb_system_admin` WHERE  `id` = 1 LIMIT 1 [ RunTime:0.002059s ]
[ sql ] [ SQL ] SHOW COLUMNS FROM `eb_system_menus` [ RunTime:0.083257s ]
[ sql ] [ SQL ] SELECT `module`,`controller`,`action`,`params` FROM `eb_system_menus` WHERE  ( `controller` <> '' OR `action` <> '' ) [ RunTime:0.003593s ]
[ sql ] [ SQL ] SHOW COLUMNS FROM `eb_system_config` [ RunTime:0.090361s ]
[ sql ] [ SQL ] SELECT * FROM `eb_system_config` WHERE  `menu_name` = 'site_logo' LIMIT 1 [ RunTime:0.002534s ]
[ sql ] [ SQL ] SELECT * FROM `eb_system_menus` WHERE  `is_show` = 1  AND `access` = 1 ORDER BY sort DESC [ RunTime:0.003605s ]
[ sql ] [ SQL ] SHOW COLUMNS FROM `eb_system_role` [ RunTime:0.076794s ]
[ sql ] [ SQL ] SELECT `role_name` FROM `eb_system_role` WHERE  `id` = 1 LIMIT 1 [ RunTime:0.002006s ]
---------------------------------------------------------------
[ 2018-12-29T13:58:13+08:00 ] 127.0.0.1 127.0.0.1 GET /admin/index/main.html
[ info ] www.crmeb.net/admin/index/main.html [运行时间：1.131198s][吞吐率：0.88req/s] [内存消耗：3,409.76kb] [文件加载：71]
[ info ] [ LANG ] C:\Code\Mine\crmeb\thinkphp\lang\zh-cn.php
[ info ] [ ROUTE ] array (
  'type' => 'module',
  'module' => 
  array (
    0 => 'admin',
    1 => 'index',
    2 => 'main',
  ),
)
[ info ] [ HEADER ] array (
  'cookie' => 'PHPSESSID=mjl99sp53dt062icpihoq2o972',
  'accept-language' => 'zh-CN,zh;q=0.9,en;q=0.8',
  'accept-encoding' => 'gzip, deflate',
  'referer' => 'http://www.crmeb.net/admin/index/index.html',
  'accept' => 'text/html,application/xhtml+xml,application/xml;q=0.9,image/webp,image/apng,*/*;q=0.8',
  'user-agent' => 'Mozilla/5.0 (Windows NT 10.0; WOW64) AppleWebKit/537.36 (KHTML, like Gecko) Chrome/70.0.3538.102 Safari/537.36',
  'upgrade-insecure-requests' => '1',
  'connection' => 'close',
  'host' => 'www.crmeb.net',
)
[ info ] [ PARAM ] array (
  '/admin/index/main_html' => '',
)
[ info ] [ SESSION ] INIT array (
  'prefix' => 'admin',
  'type' => '',
  'auto_start' => true,
)
[ info ] [ DB ] INIT mysql
[ info ] [ BEHAVIOR ] Run behavior\system\SystemBehavior @admin_visit [ RunTime:0.000135s ]
[ info ] [ RUN ] app\admin\controller\Index->main[ C:\Code\Mine\crmeb\application\admin\controller\Index.php ]
[ info ] [ VIEW ] C:\Code\Mine\crmeb/application/admin\view\index\main.php [ array (
  0 => '_admin',
  1 => 'first_line',
  2 => 'second_line',
  3 => 'third_line',
) ]
[ info ] [ LOG ] INIT File
[ sql ] [ DB ] CONNECT:[ UseTime:0.002675s ] mysql:host=127.0.0.1;dbname=crmeb_new;charset=utf8
[ sql ] [ SQL ] SHOW COLUMNS FROM `eb_system_admin` [ RunTime:0.086315s ]
[ sql ] [ SQL ] SELECT * FROM `eb_system_admin` WHERE  `id` = 1 LIMIT 1 [ RunTime:0.004231s ]
[ sql ] [ SQL ] SHOW COLUMNS FROM `eb_system_menus` [ RunTime:0.115028s ]
[ sql ] [ SQL ] SELECT `module`,`controller`,`action`,`params` FROM `eb_system_menus` WHERE  ( `controller` <> '' OR `action` <> '' ) [ RunTime:0.003817s ]
[ sql ] [ SQL ] SHOW COLUMNS FROM `eb_store_order` [ RunTime:0.083651s ]
[ sql ] [ SQL ] SELECT sum(pay_price) FROM `eb_store_order` WHERE  `paid` = 1  AND `pay_time` > 1546012800 LIMIT 1 [ RunTime:0.002290s ]
[ sql ] [ SQL ] SELECT sum(pay_price) FROM `eb_store_order` WHERE  `paid` = 1  AND ( `pay_time` > 1545926400 AND `pay_time` < 1546012800 ) LIMIT 1 [ RunTime:0.002726s ]
[ sql ] [ SQL ] SELECT sum(pay_price) FROM `eb_store_order` WHERE  `paid` = 1  AND `pay_time` > 1543593600 LIMIT 1 [ RunTime:0.002015s ]
[ sql ] [ SQL ] SELECT sum(pay_price) FROM `eb_store_order` WHERE  `paid` = 1  AND ( `pay_time` > 1541001600 AND `pay_time` < 1543593600 ) LIMIT 1 [ RunTime:0.002287s ]
[ sql ] [ SQL ] SHOW COLUMNS FROM `eb_user` [ RunTime:0.077817s ]
[ sql ] [ SQL ] SELECT COUNT(*) AS tp_count FROM `eb_user` WHERE  `add_time` > 1546012800 LIMIT 1 [ RunTime:0.002411s ]
[ sql ] [ SQL ] SELECT COUNT(*) AS tp_count FROM `eb_user` WHERE  ( `add_time` > 1545926400 AND `add_time` < 1546012800 ) LIMIT 1 [ RunTime:0.002890s ]
[ sql ] [ SQL ] SELECT COUNT(*) AS tp_count FROM `eb_user` WHERE  `add_time` > 1543593600 LIMIT 1 [ RunTime:0.007431s ]
[ sql ] [ SQL ] SELECT COUNT(*) AS tp_count FROM `eb_user` WHERE  ( `add_time` > 1541001600 AND `add_time` < 1543593600 ) LIMIT 1 [ RunTime:0.002043s ]
[ sql ] [ SQL ] SELECT COUNT(*) AS tp_count FROM `eb_store_order` WHERE  ( `add_time` > 1546012800 AND `add_time` < 1546099200 ) LIMIT 1 [ RunTime:0.009202s ]
[ sql ] [ SQL ] SELECT COUNT(*) AS tp_count FROM `eb_store_order` WHERE  ( `add_time` > 1545926400 AND `add_time` < 1546012800 ) LIMIT 1 [ RunTime:0.002960s ]
[ sql ] [ SQL ] SELECT COUNT(*) AS tp_count FROM `eb_store_order` WHERE  ( `add_time` > 1545840000 AND `add_time` < 1545926400 ) LIMIT 1 [ RunTime:0.003128s ]
[ sql ] [ SQL ] SELECT COUNT(*) AS tp_count FROM `eb_store_order` WHERE  ( `add_time` > 1545753600 AND `add_time` < 1545840000 ) LIMIT 1 [ RunTime:0.007691s ]
[ sql ] [ SQL ] SELECT COUNT(*) AS tp_count FROM `eb_store_order` WHERE  ( `add_time` > 1545667200 AND `add_time` < 1545753600 ) LIMIT 1 [ RunTime:0.002378s ]
[ sql ] [ SQL ] SELECT COUNT(*) AS tp_count FROM `eb_store_order` WHERE  ( `add_time` > 1545580800 AND `add_time` < 1545667200 ) LIMIT 1 [ RunTime:0.001886s ]
[ sql ] [ SQL ] SELECT COUNT(*) AS tp_count FROM `eb_store_order` WHERE  ( `add_time` > 1545494400 AND `add_time` < 1545580800 ) LIMIT 1 [ RunTime:0.002264s ]
[ sql ] [ SQL ] SELECT COUNT(*) AS tp_count FROM `eb_store_order` WHERE  `add_time` > 1543593600 LIMIT 1 [ RunTime:0.001813s ]
[ sql ] [ SQL ] SELECT COUNT(*) AS tp_count FROM `eb_store_order` WHERE  ( `add_time` > 1541001600 AND `add_time` < 1543593600 ) LIMIT 1 [ RunTime:0.002267s ]
[ sql ] [ SQL ] SELECT COUNT(*) AS tp_count FROM `eb_store_order` WHERE  ( `add_time` > 1541001600 AND `add_time` < 1543593600 ) LIMIT 1 [ RunTime:0.001913s ]
[ sql ] [ SQL ] SELECT COUNT(*) AS tp_count FROM `eb_store_order` WHERE  ( `add_time` > 1538323200 AND `add_time` < 1541001600 ) LIMIT 1 [ RunTime:0.004286s ]
[ sql ] [ SQL ] SELECT sum(pay_price) FROM `eb_store_order` WHERE  `paid` = 1  AND ( `pay_time` > 1546012800 AND `pay_time` < 1546099200 ) LIMIT 1 [ RunTime:0.002922s ]
[ sql ] [ SQL ] SELECT sum(pay_price) FROM `eb_store_order` WHERE  `paid` = 1  AND ( `pay_time` > 1545926400 AND `pay_time` < 1546012800 ) LIMIT 1 [ RunTime:0.002069s ]
[ sql ] [ SQL ] SELECT sum(pay_price) FROM `eb_store_order` WHERE  `paid` = 1  AND ( `pay_time` > 1545840000 AND `pay_time` < 1545926400 ) LIMIT 1 [ RunTime:0.003099s ]
[ sql ] [ SQL ] SELECT sum(pay_price) FROM `eb_store_order` WHERE  `paid` = 1  AND ( `pay_time` > 1545753600 AND `pay_time` < 1545840000 ) LIMIT 1 [ RunTime:0.002825s ]
[ sql ] [ SQL ] SELECT sum(pay_price) FROM `eb_store_order` WHERE  `paid` = 1  AND ( `pay_time` > 1545667200 AND `pay_time` < 1545753600 ) LIMIT 1 [ RunTime:0.003595s ]
[ sql ] [ SQL ] SELECT sum(pay_price) FROM `eb_store_order` WHERE  `paid` = 1  AND ( `pay_time` > 1545580800 AND `pay_time` < 1545667200 ) LIMIT 1 [ RunTime:0.001972s ]
[ sql ] [ SQL ] SELECT sum(pay_price) FROM `eb_store_order` WHERE  `paid` = 1  AND ( `pay_time` > 1545494400 AND `pay_time` < 1545580800 ) LIMIT 1 [ RunTime:0.003153s ]
[ sql ] [ SQL ] SELECT sum(pay_price) FROM `eb_store_order` WHERE  `paid` = 1  AND ( `pay_time` > 1545408000 AND `pay_time` < 1545494400 ) LIMIT 1 [ RunTime:0.001815s ]
[ sql ] [ SQL ] SELECT sum(pay_price) FROM `eb_store_order` WHERE  `paid` = 1  AND ( `pay_time` > 1545321600 AND `pay_time` < 1545408000 ) LIMIT 1 [ RunTime:0.001964s ]
[ sql ] [ SQL ] SELECT sum(pay_price) FROM `eb_store_order` WHERE  `paid` = 1  AND ( `pay_time` > 1545235200 AND `pay_time` < 1545321600 ) LIMIT 1 [ RunTime:0.002032s ]
[ sql ] [ SQL ] SELECT sum(pay_price) FROM `eb_store_order` WHERE  `paid` = 1  AND ( `pay_time` > 1545148800 AND `pay_time` < 1545235200 ) LIMIT 1 [ RunTime:0.002033s ]
[ sql ] [ SQL ] SELECT sum(pay_price) FROM `eb_store_order` WHERE  `paid` = 1  AND ( `pay_time` > 1545062400 AND `pay_time` < 1545148800 ) LIMIT 1 [ RunTime:0.001840s ]
[ sql ] [ SQL ] SELECT sum(pay_price) FROM `eb_store_order` WHERE  `paid` = 1  AND ( `pay_time` > 1544976000 AND `pay_time` < 1545062400 ) LIMIT 1 [ RunTime:0.002573s ]
[ sql ] [ SQL ] SELECT sum(pay_price) FROM `eb_store_order` WHERE  `paid` = 1  AND ( `pay_time` > 1544889600 AND `pay_time` < 1544976000 ) LIMIT 1 [ RunTime:0.002183s ]
[ sql ] [ SQL ] SELECT sum(pay_price) FROM `eb_store_order` WHERE  `paid` = 1  AND ( `pay_time` > 1544803200 AND `pay_time` < 1544889600 ) LIMIT 1 [ RunTime:0.001996s ]
[ sql ] [ SQL ] SELECT sum(pay_price) FROM `eb_store_order` WHERE  `paid` = 1  AND ( `pay_time` > 1544716800 AND `pay_time` < 1544803200 ) LIMIT 1 [ RunTime:0.002016s ]
[ sql ] [ SQL ] SELECT sum(pay_price) FROM `eb_store_order` WHERE  `paid` = 1  AND ( `pay_time` > 1544630400 AND `pay_time` < 1544716800 ) LIMIT 1 [ RunTime:0.001899s ]
[ sql ] [ SQL ] SELECT sum(pay_price) FROM `eb_store_order` WHERE  `paid` = 1  AND ( `pay_time` > 1544544000 AND `pay_time` < 1544630400 ) LIMIT 1 [ RunTime:0.002880s ]
[ sql ] [ SQL ] SELECT sum(pay_price) FROM `eb_store_order` WHERE  `paid` = 1  AND ( `pay_time` > 1544457600 AND `pay_time` < 1544544000 ) LIMIT 1 [ RunTime:0.002019s ]
[ sql ] [ SQL ] SELECT sum(pay_price) FROM `eb_store_order` WHERE  `paid` = 1  AND ( `pay_time` > 1544371200 AND `pay_time` < 1544457600 ) LIMIT 1 [ RunTime:0.001648s ]
[ sql ] [ SQL ] SELECT sum(pay_price) FROM `eb_store_order` WHERE  `paid` = 1  AND ( `pay_time` > 1544284800 AND `pay_time` < 1544371200 ) LIMIT 1 [ RunTime:0.002485s ]
[ sql ] [ SQL ] SELECT sum(pay_price) FROM `eb_store_order` WHERE  `paid` = 1  AND ( `pay_time` > 1544198400 AND `pay_time` < 1544284800 ) LIMIT 1 [ RunTime:0.002479s ]
[ sql ] [ SQL ] SELECT sum(pay_price) FROM `eb_store_order` WHERE  `paid` = 1  AND ( `pay_time` > 1544112000 AND `pay_time` < 1544198400 ) LIMIT 1 [ RunTime:0.001714s ]
[ sql ] [ SQL ] SELECT sum(pay_price) FROM `eb_store_order` WHERE  `paid` = 1  AND ( `pay_time` > 1544025600 AND `pay_time` < 1544112000 ) LIMIT 1 [ RunTime:0.002043s ]
[ sql ] [ SQL ] SELECT sum(pay_price) FROM `eb_store_order` WHERE  `paid` = 1  AND ( `pay_time` > 1543939200 AND `pay_time` < 1544025600 ) LIMIT 1 [ RunTime:0.001988s ]
[ sql ] [ SQL ] SELECT sum(pay_price) FROM `eb_store_order` WHERE  `paid` = 1  AND ( `pay_time` > 1543852800 AND `pay_time` < 1543939200 ) LIMIT 1 [ RunTime:0.001806s ]
[ sql ] [ SQL ] SELECT sum(pay_price) FROM `eb_store_order` WHERE  `paid` = 1  AND ( `pay_time` > 1543766400 AND `pay_time` < 1543852800 ) LIMIT 1 [ RunTime:0.001893s ]
[ sql ] [ SQL ] SELECT sum(pay_price) FROM `eb_store_order` WHERE  `paid` = 1  AND ( `pay_time` > 1543680000 AND `pay_time` < 1543766400 ) LIMIT 1 [ RunTime:0.001930s ]
[ sql ] [ SQL ] SELECT sum(pay_price) FROM `eb_store_order` WHERE  `paid` = 1  AND ( `pay_time` > 1543593600 AND `pay_time` < 1543680000 ) LIMIT 1 [ RunTime:0.002297s ]
[ sql ] [ SQL ] SELECT sum(pay_price) FROM `eb_store_order` WHERE  `paid` = 1  AND ( `pay_time` > 1543507200 AND `pay_time` < 1543593600 ) LIMIT 1 [ RunTime:0.002062s ]
---------------------------------------------------------------
[ 2018-12-29T13:58:22+08:00 ] 127.0.0.1 127.0.0.1 GET /admin/store.store_coupon_user/index.html
[ info ] www.crmeb.net/admin/store.store_coupon_user/index.html [运行时间：0.937565s][吞吐率：1.07req/s] [内存消耗：3,557.23kb] [文件加载：76]
[ info ] [ LANG ] C:\Code\Mine\crmeb\thinkphp\lang\zh-cn.php
[ info ] [ ROUTE ] array (
  'type' => 'module',
  'module' => 
  array (
    0 => 'admin',
    1 => 'store.store_coupon_user',
    2 => 'index',
  ),
)
[ info ] [ HEADER ] array (
  'cookie' => 'PHPSESSID=mjl99sp53dt062icpihoq2o972',
  'accept-language' => 'zh-CN,zh;q=0.9,en;q=0.8',
  'accept-encoding' => 'gzip, deflate',
  'referer' => 'http://www.crmeb.net/admin/index/index.html',
  'accept' => 'text/html,application/xhtml+xml,application/xml;q=0.9,image/webp,image/apng,*/*;q=0.8',
  'user-agent' => 'Mozilla/5.0 (Windows NT 10.0; WOW64) AppleWebKit/537.36 (KHTML, like Gecko) Chrome/70.0.3538.102 Safari/537.36',
  'upgrade-insecure-requests' => '1',
  'connection' => 'close',
  'host' => 'www.crmeb.net',
)
[ info ] [ PARAM ] array (
  '/admin/store_store_coupon_user/index_html' => '',
)
[ info ] [ SESSION ] INIT array (
  'prefix' => 'admin',
  'type' => '',
  'auto_start' => true,
)
[ info ] [ DB ] INIT mysql
[ info ] [ BEHAVIOR ] Run behavior\system\SystemBehavior @admin_visit [ RunTime:0.108229s ]
[ info ] [ RUN ] app\admin\controller\store\StoreCouponUser->index[ C:\Code\Mine\crmeb\application\admin\controller\store\StoreCouponUser.php ]
[ info ] [ VIEW ] C:\Code\Mine\crmeb/application/admin\view\store\store_coupon_user\index.php [ array (
  0 => '_admin',
  1 => 'where',
  2 => 'list',
  3 => 'page',
  4 => 'total',
) ]
[ info ] [ LOG ] INIT File
[ sql ] [ DB ] CONNECT:[ UseTime:0.002217s ] mysql:host=127.0.0.1;dbname=crmeb_new;charset=utf8
[ sql ] [ SQL ] SHOW COLUMNS FROM `eb_system_admin` [ RunTime:0.066388s ]
[ sql ] [ SQL ] SELECT * FROM `eb_system_admin` WHERE  `id` = 1 LIMIT 1 [ RunTime:0.001838s ]
[ sql ] [ SQL ] SHOW COLUMNS FROM `eb_system_menus` [ RunTime:0.083556s ]
[ sql ] [ SQL ] SELECT `module`,`controller`,`action`,`params` FROM `eb_system_menus` WHERE  ( `controller` <> '' OR `action` <> '' ) [ RunTime:0.002829s ]
[ sql ] [ SQL ] SELECT `menu_name` FROM `eb_system_menus` WHERE  `action` = 'index'  AND `controller` = 'store.storeCouponUser'  AND `module` = 'admin'  AND ( `params` = '[]' or `params` = '[]' ) ORDER BY id DESC LIMIT 1 [ RunTime:0.003182s ]
[ sql ] [ SQL ] SHOW COLUMNS FROM `eb_system_log` [ RunTime:0.091528s ]
[ sql ] [ SQL ] INSERT INTO `eb_system_log` (`method` , `admin_id` , `admin_name` , `path` , `page` , `ip` , `type` , `add_time`) VALUES ('GET' , 1 , 'admin' , 'admin/store.storecouponuser/index/' , '优惠券发放管理' , '127.0.0.1' , 'system' , 1546063102) [ RunTime:0.004269s ]
[ sql ] [ SQL ] SHOW COLUMNS FROM `eb_store_coupon_user` [ RunTime:0.080491s ]
[ sql ] [ SQL ] SELECT COUNT(*) AS tp_count FROM `eb_store_coupon_user` LIMIT 1 [ RunTime:0.001523s ]
[ sql ] [ SQL ] SELECT * FROM `eb_store_coupon_user` ORDER BY id desc LIMIT 0,15 [ RunTime:0.002289s ]
[ sql ] [ SQL ] SHOW COLUMNS FROM `eb_wechat_user` [ RunTime:0.083454s ]
[ sql ] [ SQL ] SELECT `nickname` FROM `eb_wechat_user` WHERE  `uid` = 1 LIMIT 1 [ RunTime:0.002193s ]
[ sql ] [ SQL ] SELECT `nickname` FROM `eb_wechat_user` WHERE  `uid` = 1 LIMIT 1 [ RunTime:0.001628s ]
[ sql ] [ SQL ] SELECT `nickname` FROM `eb_wechat_user` WHERE  `uid` = 1 LIMIT 1 [ RunTime:0.001551s ]
[ sql ] [ SQL ] SELECT `nickname` FROM `eb_wechat_user` WHERE  `uid` = 5 LIMIT 1 [ RunTime:0.001762s ]
[ sql ] [ SQL ] SELECT `nickname` FROM `eb_wechat_user` WHERE  `uid` = 5 LIMIT 1 [ RunTime:0.001601s ]
[ sql ] [ SQL ] SELECT `nickname` FROM `eb_wechat_user` WHERE  `uid` = 5 LIMIT 1 [ RunTime:0.001719s ]
[ sql ] [ SQL ] SELECT `nickname` FROM `eb_wechat_user` WHERE  `uid` = 5 LIMIT 1 [ RunTime:0.001751s ]
[ sql ] [ SQL ] SELECT `nickname` FROM `eb_wechat_user` WHERE  `uid` = 3 LIMIT 1 [ RunTime:0.001874s ]
[ sql ] [ SQL ] SELECT `nickname` FROM `eb_wechat_user` WHERE  `uid` = 3 LIMIT 1 [ RunTime:0.001662s ]
[ sql ] [ SQL ] SELECT `nickname` FROM `eb_wechat_user` WHERE  `uid` = 3 LIMIT 1 [ RunTime:0.002500s ]
[ sql ] [ SQL ] SELECT `nickname` FROM `eb_wechat_user` WHERE  `uid` = 3 LIMIT 1 [ RunTime:0.001812s ]
[ sql ] [ SQL ] SELECT `nickname` FROM `eb_wechat_user` WHERE  `uid` = 2 LIMIT 1 [ RunTime:0.002002s ]
[ sql ] [ SQL ] SELECT `nickname` FROM `eb_wechat_user` WHERE  `uid` = 1 LIMIT 1 [ RunTime:0.001844s ]
---------------------------------------------------------------
[ 2018-12-29T13:58:26+08:00 ] 127.0.0.1 127.0.0.1 GET /admin/store.store_coupon/index.html
[ info ] www.crmeb.net/admin/store.store_coupon/index.html [运行时间：0.779106s][吞吐率：1.28req/s] [内存消耗：3,520.33kb] [文件加载：76]
[ info ] [ LANG ] C:\Code\Mine\crmeb\thinkphp\lang\zh-cn.php
[ info ] [ ROUTE ] array (
  'type' => 'module',
  'module' => 
  array (
    0 => 'admin',
    1 => 'store.store_coupon',
    2 => 'index',
  ),
)
[ info ] [ HEADER ] array (
  'cookie' => 'PHPSESSID=mjl99sp53dt062icpihoq2o972',
  'accept-language' => 'zh-CN,zh;q=0.9,en;q=0.8',
  'accept-encoding' => 'gzip, deflate',
  'referer' => 'http://www.crmeb.net/admin/index/index.html',
  'accept' => 'text/html,application/xhtml+xml,application/xml;q=0.9,image/webp,image/apng,*/*;q=0.8',
  'user-agent' => 'Mozilla/5.0 (Windows NT 10.0; WOW64) AppleWebKit/537.36 (KHTML, like Gecko) Chrome/70.0.3538.102 Safari/537.36',
  'upgrade-insecure-requests' => '1',
  'connection' => 'close',
  'host' => 'www.crmeb.net',
)
[ info ] [ PARAM ] array (
  '/admin/store_store_coupon/index_html' => '',
)
[ info ] [ SESSION ] INIT array (
  'prefix' => 'admin',
  'type' => '',
  'auto_start' => true,
)
[ info ] [ DB ] INIT mysql
[ info ] [ BEHAVIOR ] Run behavior\system\SystemBehavior @admin_visit [ RunTime:0.091370s ]
[ info ] [ RUN ] app\admin\controller\store\StoreCoupon->index[ C:\Code\Mine\crmeb\application\admin\controller\store\StoreCoupon.php ]
[ info ] [ VIEW ] C:\Code\Mine\crmeb/application/admin\view\store\store_coupon\index.php [ array (
  0 => '_admin',
  1 => 'where',
  2 => 'list',
  3 => 'page',
  4 => 'total',
) ]
[ info ] [ LOG ] INIT File
[ sql ] [ DB ] CONNECT:[ UseTime:0.002461s ] mysql:host=127.0.0.1;dbname=crmeb_new;charset=utf8
[ sql ] [ SQL ] SHOW COLUMNS FROM `eb_system_admin` [ RunTime:0.080523s ]
[ sql ] [ SQL ] SELECT * FROM `eb_system_admin` WHERE  `id` = 1 LIMIT 1 [ RunTime:0.001885s ]
[ sql ] [ SQL ] SHOW COLUMNS FROM `eb_system_menus` [ RunTime:0.076198s ]
[ sql ] [ SQL ] SELECT `module`,`controller`,`action`,`params` FROM `eb_system_menus` WHERE  ( `controller` <> '' OR `action` <> '' ) [ RunTime:0.003181s ]
[ sql ] [ SQL ] SELECT `menu_name` FROM `eb_system_menus` WHERE  `action` = 'index'  AND `controller` = 'store.storeCoupon'  AND `module` = 'admin'  AND ( `params` = '[]' or `params` = '[]' ) ORDER BY id DESC LIMIT 1 [ RunTime:0.002922s ]
[ sql ] [ SQL ] SHOW COLUMNS FROM `eb_system_log` [ RunTime:0.077812s ]
[ sql ] [ SQL ] INSERT INTO `eb_system_log` (`method` , `admin_id` , `admin_name` , `path` , `page` , `ip` , `type` , `add_time`) VALUES ('GET' , 1 , 'admin' , 'admin/store.storecoupon/index/' , '优惠券管理展示页' , '127.0.0.1' , 'system' , 1546063106) [ RunTime:0.001964s ]
[ sql ] [ SQL ] SHOW COLUMNS FROM `eb_store_coupon` [ RunTime:0.075215s ]
[ sql ] [ SQL ] SELECT COUNT(*) AS tp_count FROM `eb_store_coupon` WHERE  `is_del` = 0 LIMIT 1 [ RunTime:0.001706s ]
[ sql ] [ SQL ] SELECT * FROM `eb_store_coupon` WHERE  `is_del` = 0 ORDER BY sort desc,id desc LIMIT 0,20 [ RunTime:0.001931s ]
---------------------------------------------------------------
[ 2018-12-29T13:58:39+08:00 ] 127.0.0.1 127.0.0.1 GET /admin/store.store_coupon_issue/index.html
[ info ] www.crmeb.net/admin/store.store_coupon_issue/index.html [运行时间：0.793723s][吞吐率：1.26req/s] [内存消耗：3,411.20kb] [文件加载：76]
[ info ] [ LANG ] C:\Code\Mine\crmeb\thinkphp\lang\zh-cn.php
[ info ] [ ROUTE ] array (
  'type' => 'module',
  'module' => 
  array (
    0 => 'admin',
    1 => 'store.store_coupon_issue',
    2 => 'index',
  ),
)
[ info ] [ HEADER ] array (
  'cookie' => 'PHPSESSID=mjl99sp53dt062icpihoq2o972',
  'accept-language' => 'zh-CN,zh;q=0.9,en;q=0.8',
  'accept-encoding' => 'gzip, deflate',
  'referer' => 'http://www.crmeb.net/admin/index/index.html',
  'accept' => 'text/html,application/xhtml+xml,application/xml;q=0.9,image/webp,image/apng,*/*;q=0.8',
  'user-agent' => 'Mozilla/5.0 (Windows NT 10.0; WOW64) AppleWebKit/537.36 (KHTML, like Gecko) Chrome/70.0.3538.102 Safari/537.36',
  'upgrade-insecure-requests' => '1',
  'connection' => 'close',
  'host' => 'www.crmeb.net',
)
[ info ] [ PARAM ] array (
  '/admin/store_store_coupon_issue/index_html' => '',
)
[ info ] [ SESSION ] INIT array (
  'prefix' => 'admin',
  'type' => '',
  'auto_start' => true,
)
[ info ] [ DB ] INIT mysql
[ info ] [ BEHAVIOR ] Run behavior\system\SystemBehavior @admin_visit [ RunTime:0.089907s ]
[ info ] [ RUN ] app\admin\controller\store\StoreCouponIssue->index[ C:\Code\Mine\crmeb\application\admin\controller\store\StoreCouponIssue.php ]
[ info ] [ VIEW ] C:\Code\Mine\crmeb/application/admin\view\store\store_coupon_issue\index.php [ array (
  0 => '_admin',
  1 => 'list',
  2 => 'page',
  3 => 'total',
  4 => 'where',
) ]
[ info ] [ LOG ] INIT File
[ sql ] [ DB ] CONNECT:[ UseTime:0.002422s ] mysql:host=127.0.0.1;dbname=crmeb_new;charset=utf8
[ sql ] [ SQL ] SHOW COLUMNS FROM `eb_system_admin` [ RunTime:0.085507s ]
[ sql ] [ SQL ] SELECT * FROM `eb_system_admin` WHERE  `id` = 1 LIMIT 1 [ RunTime:0.003027s ]
[ sql ] [ SQL ] SHOW COLUMNS FROM `eb_system_menus` [ RunTime:0.079721s ]
[ sql ] [ SQL ] SELECT `module`,`controller`,`action`,`params` FROM `eb_system_menus` WHERE  ( `controller` <> '' OR `action` <> '' ) [ RunTime:0.003279s ]
[ sql ] [ SQL ] SELECT `menu_name` FROM `eb_system_menus` WHERE  `action` = 'index'  AND `controller` = 'store.storeCouponIssue'  AND `module` = 'admin'  AND ( `params` = '[]' or `params` = '[]' ) ORDER BY id DESC LIMIT 1 [ RunTime:0.002490s ]
[ sql ] [ SQL ] SHOW COLUMNS FROM `eb_system_log` [ RunTime:0.077514s ]
[ sql ] [ SQL ] INSERT INTO `eb_system_log` (`method` , `admin_id` , `admin_name` , `path` , `page` , `ip` , `type` , `add_time`) VALUES ('GET' , 1 , 'admin' , 'admin/store.storecouponissue/index/' , '发布优惠劵管理' , '127.0.0.1' , 'system' , 1546063119) [ RunTime:0.002062s ]
[ sql ] [ SQL ] SHOW COLUMNS FROM `eb_store_coupon_issue` [ RunTime:0.078581s ]
[ sql ] [ SQL ] SELECT COUNT(*) AS tp_count FROM `eb_store_coupon_issue` `A` INNER JOIN `eb_store_coupon` `B` ON `A`.`cid`=`B`.`id` WHERE  `A`.`is_del` = 0 LIMIT 1 [ RunTime:0.002046s ]
[ sql ] [ SQL ] SELECT `A`.*,`B`.`title` FROM `eb_store_coupon_issue` `A` INNER JOIN `eb_store_coupon` `B` ON `A`.`cid`=`B`.`id` WHERE  `A`.`is_del` = 0 ORDER BY A.add_time DESC LIMIT 0,20 [ RunTime:0.002181s ]
---------------------------------------------------------------
[ 2018-12-29T13:58:48+08:00 ] 127.0.0.1 127.0.0.1 GET /admin/store.store_category/index.html
[ info ] www.crmeb.net/admin/store.store_category/index.html [运行时间：0.713325s][吞吐率：1.40req/s] [内存消耗：3,484.30kb] [文件加载：76]
[ info ] [ LANG ] C:\Code\Mine\crmeb\thinkphp\lang\zh-cn.php
[ info ] [ ROUTE ] array (
  'type' => 'module',
  'module' => 
  array (
    0 => 'admin',
    1 => 'store.store_category',
    2 => 'index',
  ),
)
[ info ] [ HEADER ] array (
  'cookie' => 'PHPSESSID=mjl99sp53dt062icpihoq2o972',
  'accept-language' => 'zh-CN,zh;q=0.9,en;q=0.8',
  'accept-encoding' => 'gzip, deflate',
  'referer' => 'http://www.crmeb.net/admin/index/index.html',
  'accept' => 'text/html,application/xhtml+xml,application/xml;q=0.9,image/webp,image/apng,*/*;q=0.8',
  'user-agent' => 'Mozilla/5.0 (Windows NT 10.0; WOW64) AppleWebKit/537.36 (KHTML, like Gecko) Chrome/70.0.3538.102 Safari/537.36',
  'upgrade-insecure-requests' => '1',
  'connection' => 'close',
  'host' => 'www.crmeb.net',
)
[ info ] [ PARAM ] array (
  '/admin/store_store_category/index_html' => '',
)
[ info ] [ SESSION ] INIT array (
  'prefix' => 'admin',
  'type' => '',
  'auto_start' => true,
)
[ info ] [ DB ] INIT mysql
[ info ] [ BEHAVIOR ] Run behavior\system\SystemBehavior @admin_visit [ RunTime:0.083739s ]
[ info ] [ RUN ] app\admin\controller\store\StoreCategory->index[ C:\Code\Mine\crmeb\application\admin\controller\store\StoreCategory.php ]
[ info ] [ VIEW ] C:\Code\Mine\crmeb/application/admin\view\store\store_category\index.php [ array (
  0 => '_admin',
  1 => 'where',
  2 => 'cate',
  3 => 'list',
  4 => 'page',
  5 => 'total',
) ]
[ info ] [ LOG ] INIT File
[ sql ] [ DB ] CONNECT:[ UseTime:0.003688s ] mysql:host=127.0.0.1;dbname=crmeb_new;charset=utf8
[ sql ] [ SQL ] SHOW COLUMNS FROM `eb_system_admin` [ RunTime:0.074554s ]
[ sql ] [ SQL ] SELECT * FROM `eb_system_admin` WHERE  `id` = 1 LIMIT 1 [ RunTime:0.001641s ]
[ sql ] [ SQL ] SHOW COLUMNS FROM `eb_system_menus` [ RunTime:0.069556s ]
[ sql ] [ SQL ] SELECT `module`,`controller`,`action`,`params` FROM `eb_system_menus` WHERE  ( `controller` <> '' OR `action` <> '' ) [ RunTime:0.002379s ]
[ sql ] [ SQL ] SELECT `menu_name` FROM `eb_system_menus` WHERE  `action` = 'index'  AND `controller` = 'store.storeCategory'  AND `module` = 'admin'  AND ( `params` = '[]' or `params` = '[]' ) ORDER BY id DESC LIMIT 1 [ RunTime:0.002686s ]
[ sql ] [ SQL ] SHOW COLUMNS FROM `eb_system_log` [ RunTime:0.073596s ]
[ sql ] [ SQL ] INSERT INTO `eb_system_log` (`method` , `admin_id` , `admin_name` , `path` , `page` , `ip` , `type` , `add_time`) VALUES ('GET' , 1 , 'admin' , 'admin/store.storecategory/index/' , '产品分类展示页' , '127.0.0.1' , 'system' , 1546063128) [ RunTime:0.001668s ]
[ sql ] [ SQL ] SHOW COLUMNS FROM `eb_store_category` [ RunTime:0.072682s ]
[ sql ] [ SQL ] SELECT * FROM `eb_store_category` [ RunTime:0.001534s ]
[ sql ] [ SQL ] SELECT COUNT(*) AS tp_count FROM `eb_store_category` WHERE  `pid` = 0 LIMIT 1 [ RunTime:0.001543s ]
[ sql ] [ SQL ] SELECT * FROM `eb_store_category` WHERE  `pid` = 0 LIMIT 0,20 [ RunTime:0.001651s ]
---------------------------------------------------------------
[ 2018-12-29T13:58:50+08:00 ] 127.0.0.1 127.0.0.1 GET /admin/store.store_product/index.html
[ info ] www.crmeb.net/admin/store.store_product/index.html [运行时间：1.198238s][吞吐率：0.83req/s] [内存消耗：4,108.77kb] [文件加载：79]
[ info ] [ LANG ] C:\Code\Mine\crmeb\thinkphp\lang\zh-cn.php
[ info ] [ ROUTE ] array (
  'type' => 'module',
  'module' => 
  array (
    0 => 'admin',
    1 => 'store.store_product',
    2 => 'index',
  ),
)
[ info ] [ HEADER ] array (
  'cookie' => 'PHPSESSID=mjl99sp53dt062icpihoq2o972',
  'accept-language' => 'zh-CN,zh;q=0.9,en;q=0.8',
  'accept-encoding' => 'gzip, deflate',
  'referer' => 'http://www.crmeb.net/admin/index/index.html',
  'accept' => 'text/html,application/xhtml+xml,application/xml;q=0.9,image/webp,image/apng,*/*;q=0.8',
  'user-agent' => 'Mozilla/5.0 (Windows NT 10.0; WOW64) AppleWebKit/537.36 (KHTML, like Gecko) Chrome/70.0.3538.102 Safari/537.36',
  'upgrade-insecure-requests' => '1',
  'connection' => 'close',
  'host' => 'www.crmeb.net',
)
[ info ] [ PARAM ] array (
  '/admin/store_store_product/index_html' => '',
)
[ info ] [ SESSION ] INIT array (
  'prefix' => 'admin',
  'type' => '',
  'auto_start' => true,
)
[ info ] [ DB ] INIT mysql
[ info ] [ BEHAVIOR ] Run behavior\system\SystemBehavior @admin_visit [ RunTime:0.101209s ]
[ info ] [ RUN ] app\admin\controller\store\StoreProduct->index[ C:\Code\Mine\crmeb\application\admin\controller\store\StoreProduct.php ]
[ info ] [ VIEW ] C:\Code\Mine\crmeb/application/admin\view\store\store_product\index.php [ array (
  0 => '_admin',
  1 => 'where',
  2 => 'limitTimeList',
  3 => 'list',
  4 => 'page',
  5 => 'total',
) ]
[ info ] [ LOG ] INIT File
[ sql ] [ DB ] CONNECT:[ UseTime:0.002620s ] mysql:host=127.0.0.1;dbname=crmeb_new;charset=utf8
[ sql ] [ SQL ] SHOW COLUMNS FROM `eb_system_admin` [ RunTime:0.087403s ]
[ sql ] [ SQL ] SELECT * FROM `eb_system_admin` WHERE  `id` = 1 LIMIT 1 [ RunTime:0.002177s ]
[ sql ] [ SQL ] SHOW COLUMNS FROM `eb_system_menus` [ RunTime:0.074691s ]
[ sql ] [ SQL ] SELECT `module`,`controller`,`action`,`params` FROM `eb_system_menus` WHERE  ( `controller` <> '' OR `action` <> '' ) [ RunTime:0.002835s ]
[ sql ] [ SQL ] SELECT `menu_name` FROM `eb_system_menus` WHERE  `action` = 'index'  AND `controller` = 'store.storeProduct'  AND `module` = 'admin'  AND ( `params` = '[]' or `params` = '[]' ) ORDER BY id DESC LIMIT 1 [ RunTime:0.003438s ]
[ sql ] [ SQL ] SHOW COLUMNS FROM `eb_system_log` [ RunTime:0.085459s ]
[ sql ] [ SQL ] INSERT INTO `eb_system_log` (`method` , `admin_id` , `admin_name` , `path` , `page` , `ip` , `type` , `add_time`) VALUES ('GET' , 1 , 'admin' , 'admin/store.storeproduct/index/' , '产品管理展示页' , '127.0.0.1' , 'system' , 1546063130) [ RunTime:0.002160s ]
[ sql ] [ SQL ] SHOW COLUMNS FROM `eb_store_product` [ RunTime:0.075894s ]
[ sql ] [ SQL ] SELECT COUNT(*) AS tp_count FROM `eb_store_product` WHERE  `is_del` = 0  AND `mer_id` = 0 LIMIT 1 [ RunTime:0.003415s ]
[ sql ] [ SQL ] SELECT * FROM `eb_store_product` WHERE  `is_del` = 0  AND `mer_id` = 0 ORDER BY id desc LIMIT 0,20 [ RunTime:0.003024s ]
[ sql ] [ SQL ] SHOW COLUMNS FROM `eb_store_category` [ RunTime:0.076921s ]
[ sql ] [ SQL ] SELECT `cate_name` FROM `eb_store_category` WHERE  `id` = 9 LIMIT 1 [ RunTime:0.001646s ]
[ sql ] [ SQL ] SHOW COLUMNS FROM `eb_store_product_relation` [ RunTime:0.073556s ]
[ sql ] [ SQL ] SELECT COUNT(*) AS tp_count FROM `eb_store_product_relation` WHERE  `product_id` = 13  AND `type` = 'collect' LIMIT 1 [ RunTime:0.001676s ]
[ sql ] [ SQL ] SELECT COUNT(*) AS tp_count FROM `eb_store_product_relation` WHERE  `product_id` = 13  AND `type` = 'like' LIMIT 1 [ RunTime:0.001708s ]
[ sql ] [ SQL ] SELECT `cate_name` FROM `eb_store_category` WHERE  `id` = 9 LIMIT 1 [ RunTime:0.001618s ]
[ sql ] [ SQL ] SELECT COUNT(*) AS tp_count FROM `eb_store_product_relation` WHERE  `product_id` = 12  AND `type` = 'collect' LIMIT 1 [ RunTime:0.001692s ]
[ sql ] [ SQL ] SELECT COUNT(*) AS tp_count FROM `eb_store_product_relation` WHERE  `product_id` = 12  AND `type` = 'like' LIMIT 1 [ RunTime:0.001669s ]
[ sql ] [ SQL ] SELECT `cate_name` FROM `eb_store_category` WHERE  `id` = 9 LIMIT 1 [ RunTime:0.001786s ]
[ sql ] [ SQL ] SELECT COUNT(*) AS tp_count FROM `eb_store_product_relation` WHERE  `product_id` = 11  AND `type` = 'collect' LIMIT 1 [ RunTime:0.001765s ]
[ sql ] [ SQL ] SELECT COUNT(*) AS tp_count FROM `eb_store_product_relation` WHERE  `product_id` = 11  AND `type` = 'like' LIMIT 1 [ RunTime:0.001749s ]
[ sql ] [ SQL ] SELECT `cate_name` FROM `eb_store_category` WHERE  `id` = 9 LIMIT 1 [ RunTime:0.002382s ]
[ sql ] [ SQL ] SELECT COUNT(*) AS tp_count FROM `eb_store_product_relation` WHERE  `product_id` = 10  AND `type` = 'collect' LIMIT 1 [ RunTime:0.001814s ]
[ sql ] [ SQL ] SELECT COUNT(*) AS tp_count FROM `eb_store_product_relation` WHERE  `product_id` = 10  AND `type` = 'like' LIMIT 1 [ RunTime:0.001813s ]
[ sql ] [ SQL ] SELECT `cate_name` FROM `eb_store_category` WHERE  `id` = 9 LIMIT 1 [ RunTime:0.001764s ]
[ sql ] [ SQL ] SELECT COUNT(*) AS tp_count FROM `eb_store_product_relation` WHERE  `product_id` = 9  AND `type` = 'collect' LIMIT 1 [ RunTime:0.001659s ]
[ sql ] [ SQL ] SELECT COUNT(*) AS tp_count FROM `eb_store_product_relation` WHERE  `product_id` = 9  AND `type` = 'like' LIMIT 1 [ RunTime:0.001829s ]
[ sql ] [ SQL ] SELECT `cate_name` FROM `eb_store_category` WHERE  `id` = 9 LIMIT 1 [ RunTime:0.002138s ]
[ sql ] [ SQL ] SELECT COUNT(*) AS tp_count FROM `eb_store_product_relation` WHERE  `product_id` = 8  AND `type` = 'collect' LIMIT 1 [ RunTime:0.001821s ]
[ sql ] [ SQL ] SELECT COUNT(*) AS tp_count FROM `eb_store_product_relation` WHERE  `product_id` = 8  AND `type` = 'like' LIMIT 1 [ RunTime:0.001974s ]
[ sql ] [ SQL ] SELECT `cate_name` FROM `eb_store_category` WHERE  `id` = 9 LIMIT 1 [ RunTime:0.001718s ]
[ sql ] [ SQL ] SELECT COUNT(*) AS tp_count FROM `eb_store_product_relation` WHERE  `product_id` = 7  AND `type` = 'collect' LIMIT 1 [ RunTime:0.001719s ]
[ sql ] [ SQL ] SELECT COUNT(*) AS tp_count FROM `eb_store_product_relation` WHERE  `product_id` = 7  AND `type` = 'like' LIMIT 1 [ RunTime:0.001629s ]
[ sql ] [ SQL ] SELECT `cate_name` FROM `eb_store_category` WHERE  `id` = 9 LIMIT 1 [ RunTime:0.001782s ]
[ sql ] [ SQL ] SELECT COUNT(*) AS tp_count FROM `eb_store_product_relation` WHERE  `product_id` = 6  AND `type` = 'collect' LIMIT 1 [ RunTime:0.001665s ]
[ sql ] [ SQL ] SELECT COUNT(*) AS tp_count FROM `eb_store_product_relation` WHERE  `product_id` = 6  AND `type` = 'like' LIMIT 1 [ RunTime:0.001919s ]
[ sql ] [ SQL ] SELECT `cate_name` FROM `eb_store_category` WHERE  `id` = 7 LIMIT 1 [ RunTime:0.001746s ]
[ sql ] [ SQL ] SELECT COUNT(*) AS tp_count FROM `eb_store_product_relation` WHERE  `product_id` = 5  AND `type` = 'collect' LIMIT 1 [ RunTime:0.001804s ]
[ sql ] [ SQL ] SELECT COUNT(*) AS tp_count FROM `eb_store_product_relation` WHERE  `product_id` = 5  AND `type` = 'like' LIMIT 1 [ RunTime:0.001764s ]
[ sql ] [ SQL ] SELECT `cate_name` FROM `eb_store_category` WHERE  `id` = 8 LIMIT 1 [ RunTime:0.001731s ]
[ sql ] [ SQL ] SELECT COUNT(*) AS tp_count FROM `eb_store_product_relation` WHERE  `product_id` = 4  AND `type` = 'collect' LIMIT 1 [ RunTime:0.001838s ]
[ sql ] [ SQL ] SELECT COUNT(*) AS tp_count FROM `eb_store_product_relation` WHERE  `product_id` = 4  AND `type` = 'like' LIMIT 1 [ RunTime:0.001678s ]
[ sql ] [ SQL ] SELECT `cate_name` FROM `eb_store_category` WHERE  `id` = 7 LIMIT 1 [ RunTime:0.001713s ]
[ sql ] [ SQL ] SELECT COUNT(*) AS tp_count FROM `eb_store_product_relation` WHERE  `product_id` = 3  AND `type` = 'collect' LIMIT 1 [ RunTime:0.002026s ]
[ sql ] [ SQL ] SELECT COUNT(*) AS tp_count FROM `eb_store_product_relation` WHERE  `product_id` = 3  AND `type` = 'like' LIMIT 1 [ RunTime:0.002107s ]
[ sql ] [ SQL ] SELECT `cate_name` FROM `eb_store_category` WHERE  `id` = 7 LIMIT 1 [ RunTime:0.001654s ]
[ sql ] [ SQL ] SELECT COUNT(*) AS tp_count FROM `eb_store_product_relation` WHERE  `product_id` = 2  AND `type` = 'collect' LIMIT 1 [ RunTime:0.001688s ]
[ sql ] [ SQL ] SELECT COUNT(*) AS tp_count FROM `eb_store_product_relation` WHERE  `product_id` = 2  AND `type` = 'like' LIMIT 1 [ RunTime:0.001703s ]
[ sql ] [ SQL ] SELECT `cate_name` FROM `eb_store_category` WHERE  `id` = 8 LIMIT 1 [ RunTime:0.004040s ]
[ sql ] [ SQL ] SELECT COUNT(*) AS tp_count FROM `eb_store_product_relation` WHERE  `product_id` = 1  AND `type` = 'collect' LIMIT 1 [ RunTime:0.001767s ]
[ sql ] [ SQL ] SELECT COUNT(*) AS tp_count FROM `eb_store_product_relation` WHERE  `product_id` = 1  AND `type` = 'like' LIMIT 1 [ RunTime:0.002299s ]
---------------------------------------------------------------
[ 2018-12-29T13:59:05+08:00 ] 127.0.0.1 127.0.0.1 GET /admin/store.store_product/edit_content/id/13.html
[ info ] www.crmeb.net/admin/store.store_product/edit_content/id/13.html [运行时间：0.682737s][吞吐率：1.46req/s] [内存消耗：3,581.59kb] [文件加载：74]
[ info ] [ LANG ] C:\Code\Mine\crmeb\thinkphp\lang\zh-cn.php
[ info ] [ ROUTE ] array (
  'type' => 'module',
  'module' => 
  array (
    0 => 'admin',
    1 => 'store.store_product',
    2 => 'edit_content',
  ),
)
[ info ] [ HEADER ] array (
  'cookie' => 'PHPSESSID=mjl99sp53dt062icpihoq2o972',
  'accept-language' => 'zh-CN,zh;q=0.9,en;q=0.8',
  'accept-encoding' => 'gzip, deflate',
  'referer' => 'http://www.crmeb.net/admin/index/index.html',
  'accept' => 'text/html,application/xhtml+xml,application/xml;q=0.9,image/webp,image/apng,*/*;q=0.8',
  'user-agent' => 'Mozilla/5.0 (Windows NT 10.0; WOW64) AppleWebKit/537.36 (KHTML, like Gecko) Chrome/70.0.3538.102 Safari/537.36',
  'upgrade-insecure-requests' => '1',
  'connection' => 'close',
  'host' => 'www.crmeb.net',
)
[ info ] [ PARAM ] array (
  '/admin/store_store_product/edit_content/id/13_html' => '',
  'id' => '13',
)
[ info ] [ SESSION ] INIT array (
  'prefix' => 'admin',
  'type' => '',
  'auto_start' => true,
)
[ info ] [ DB ] INIT mysql
[ info ] [ BEHAVIOR ] Run behavior\system\SystemBehavior @admin_visit [ RunTime:0.087458s ]
[ info ] [ RUN ] app\admin\controller\store\StoreProduct->edit_content[ C:\Code\Mine\crmeb\application\admin\controller\store\StoreProduct.php ]
[ info ] [ VIEW ] C:\Code\Mine\crmeb/application/admin\view\public\edit_content.php [ array (
  0 => '_admin',
  1 => 'content',
  2 => 'field',
  3 => 'action',
) ]
[ info ] [ LOG ] INIT File
[ sql ] [ DB ] CONNECT:[ UseTime:0.005787s ] mysql:host=127.0.0.1;dbname=crmeb_new;charset=utf8
[ sql ] [ SQL ] SHOW COLUMNS FROM `eb_system_admin` [ RunTime:0.067792s ]
[ sql ] [ SQL ] SELECT * FROM `eb_system_admin` WHERE  `id` = 1 LIMIT 1 [ RunTime:0.001602s ]
[ sql ] [ SQL ] SHOW COLUMNS FROM `eb_system_menus` [ RunTime:0.066384s ]
[ sql ] [ SQL ] SELECT `module`,`controller`,`action`,`params` FROM `eb_system_menus` WHERE  ( `controller` <> '' OR `action` <> '' ) [ RunTime:0.002275s ]
[ sql ] [ SQL ] SELECT `menu_name` FROM `eb_system_menus` WHERE  `action` = 'edit_content'  AND `controller` = 'store.storeProduct'  AND `module` = 'admin'  AND ( `params` = '{\"id\":\"13\"}' or `params` = '[]' ) ORDER BY id DESC LIMIT 1 [ RunTime:0.003815s ]
[ sql ] [ SQL ] SHOW COLUMNS FROM `eb_system_log` [ RunTime:0.075146s ]
[ sql ] [ SQL ] INSERT INTO `eb_system_log` (`method` , `admin_id` , `admin_name` , `path` , `page` , `ip` , `type` , `add_time`) VALUES ('GET' , 1 , 'admin' , 'admin/store.storeproduct/edit_content/id/13' , '未知' , '127.0.0.1' , 'system' , 1546063144) [ RunTime:0.002861s ]
[ sql ] [ SQL ] SHOW COLUMNS FROM `eb_store_product` [ RunTime:0.073640s ]
[ sql ] [ SQL ] SELECT * FROM `eb_store_product` WHERE  `id` = 13 LIMIT 1 [ RunTime:0.002122s ]
[ sql ] [ SQL ] SELECT `description` FROM `eb_store_product` WHERE  `id` = 13 LIMIT 1 [ RunTime:0.002085s ]
---------------------------------------------------------------
[ 2018-12-29T16:39:01+08:00 ] 127.0.0.1 127.0.0.1 GET /
[ info ] www.crmeb.net/ [运行时间：0.334295s][吞吐率：2.99req/s] [内存消耗：2,200.86kb] [文件加载：58]
[ info ] [ LANG ] C:\Code\Mine\crmeb\thinkphp\lang\zh-cn.php
[ info ] [ ROUTE ] array (
  'type' => 'module',
  'module' => 
  array (
    0 => '',
    1 => NULL,
    2 => NULL,
  ),
)
[ info ] [ HEADER ] array (
  'accept-language' => 'zh-CN,zh;q=0.9,en;q=0.8',
  'accept-encoding' => 'gzip, deflate',
  'accept' => 'text/html,application/xhtml+xml,application/xml;q=0.9,image/webp,image/apng,*/*;q=0.8',
  'user-agent' => 'Mozilla/5.0 (Windows NT 10.0; WOW64) AppleWebKit/537.36 (KHTML, like Gecko) Chrome/70.0.3538.102 Safari/537.36',
  'upgrade-insecure-requests' => '1',
  'connection' => 'close',
  'host' => 'www.crmeb.net',
)
[ info ] [ PARAM ] array (
)
[ info ] [ SESSION ] INIT array (
  'prefix' => 'admin',
  'type' => '',
  'auto_start' => true,
)
[ info ] [ LOG ] INIT File
---------------------------------------------------------------
[ 2018-12-29T16:39:01+08:00 ] 127.0.0.1 127.0.0.1 GET /admin/login/index.html
[ info ] www.crmeb.net/admin/login/index.html [运行时间：0.257790s][吞吐率：3.88req/s] [内存消耗：1,760.27kb] [文件加载：52]
[ info ] [ LANG ] C:\Code\Mine\crmeb\thinkphp\lang\zh-cn.php
[ info ] [ ROUTE ] array (
  'type' => 'module',
  'module' => 
  array (
    0 => 'admin',
    1 => 'login',
    2 => 'index',
  ),
)
[ info ] [ HEADER ] array (
  'cookie' => 'PHPSESSID=523ctv6ccpf4r6l4au2hu12044',
  'accept-language' => 'zh-CN,zh;q=0.9,en;q=0.8',
  'accept-encoding' => 'gzip, deflate',
  'accept' => 'text/html,application/xhtml+xml,application/xml;q=0.9,image/webp,image/apng,*/*;q=0.8',
  'user-agent' => 'Mozilla/5.0 (Windows NT 10.0; WOW64) AppleWebKit/537.36 (KHTML, like Gecko) Chrome/70.0.3538.102 Safari/537.36',
  'upgrade-insecure-requests' => '1',
  'connection' => 'close',
  'host' => 'www.crmeb.net',
)
[ info ] [ PARAM ] array (
  '/admin/login/index_html' => '',
)
[ info ] [ RUN ] app\admin\controller\Login->index[ C:\Code\Mine\crmeb\application\admin\controller\Login.php ]
[ info ] [ VIEW ] C:\Code\Mine\crmeb/application/admin\view\login\index.php [ array (
) ]
[ info ] [ LOG ] INIT File
---------------------------------------------------------------
[ 2018-12-29T16:39:03+08:00 ] 127.0.0.1 127.0.0.1 GET /admin/login/captcha.html
[ info ] www.crmeb.net/admin/login/captcha.html [运行时间：0.460195s][吞吐率：2.17req/s] [内存消耗：1,754.70kb] [文件加载：51]
[ info ] [ LANG ] C:\Code\Mine\crmeb\thinkphp\lang\zh-cn.php
[ info ] [ ROUTE ] array (
  'type' => 'module',
  'module' => 
  array (
    0 => 'admin',
    1 => 'login',
    2 => 'captcha',
  ),
)
[ info ] [ HEADER ] array (
  'cookie' => 'PHPSESSID=523ctv6ccpf4r6l4au2hu12044',
  'accept-language' => 'zh-CN,zh;q=0.9,en;q=0.8',
  'accept-encoding' => 'gzip, deflate',
  'referer' => 'http://www.crmeb.net/admin/login/index.html',
  'accept' => 'image/webp,image/apng,image/*,*/*;q=0.8',
  'user-agent' => 'Mozilla/5.0 (Windows NT 10.0; WOW64) AppleWebKit/537.36 (KHTML, like Gecko) Chrome/70.0.3538.102 Safari/537.36',
  'connection' => 'close',
  'host' => 'www.crmeb.net',
)
[ info ] [ PARAM ] array (
  '/admin/login/captcha_html' => '',
)
[ info ] [ RUN ] app\admin\controller\Login->captcha[ C:\Code\Mine\crmeb\application\admin\controller\Login.php ]
[ info ] [ SESSION ] INIT array (
  'prefix' => 'admin',
  'type' => '',
  'auto_start' => true,
)
[ info ] [ LOG ] INIT File
---------------------------------------------------------------
[ 2018-12-29T16:47:21+08:00 ] 127.0.0.1 127.0.0.1 POST /admin/login/verify.html
[ info ] www.crmeb.net/admin/login/verify.html [运行时间：0.541614s][吞吐率：1.85req/s] [内存消耗：1,845.73kb] [文件加载：56]
[ info ] [ LANG ] C:\Code\Mine\crmeb\thinkphp\lang\zh-cn.php
[ info ] [ ROUTE ] array (
  'type' => 'module',
  'module' => 
  array (
    0 => 'admin',
    1 => 'login',
    2 => 'verify',
  ),
)
[ info ] [ HEADER ] array (
  'cookie' => 'PHPSESSID=523ctv6ccpf4r6l4au2hu12044',
  'accept-language' => 'zh-CN,zh;q=0.9,en;q=0.8',
  'accept-encoding' => 'gzip, deflate',
  'referer' => 'http://www.crmeb.net/admin/login/index.html',
  'accept' => 'text/html,application/xhtml+xml,application/xml;q=0.9,image/webp,image/apng,*/*;q=0.8',
  'user-agent' => 'Mozilla/5.0 (Windows NT 10.0; WOW64) AppleWebKit/537.36 (KHTML, like Gecko) Chrome/70.0.3538.102 Safari/537.36',
  'content-type' => 'application/x-www-form-urlencoded',
  'upgrade-insecure-requests' => '1',
  'origin' => 'http://www.crmeb.net',
  'cache-control' => 'max-age=0',
  'content-length' => '36',
  'connection' => 'close',
  'host' => 'www.crmeb.net',
)
[ info ] [ PARAM ] array (
  '/admin/login/verify_html' => '',
  'account' => 'admin',
  'pwd' => '123456',
  'verify' => '8393',
)
[ info ] [ RUN ] app\admin\controller\Login->verify[ C:\Code\Mine\crmeb\application\admin\controller\Login.php ]
[ info ] [ SESSION ] INIT array (
  'prefix' => 'admin',
  'type' => '',
  'auto_start' => true,
)
[ info ] [ LOG ] INIT File
[ error ] [2]session_start(): Cannot send session cache limiter - headers already sent[C:\Code\Mine\crmeb\thinkphp\library\think\Session.php:106]
---------------------------------------------------------------
[ 2018-12-29T16:47:35+08:00 ] 127.0.0.1 127.0.0.1 GET /
[ info ] www.crmeb.net/ [运行时间：0.322923s][吞吐率：3.10req/s] [内存消耗：2,201.54kb] [文件加载：58]
[ info ] [ LANG ] C:\Code\Mine\crmeb\thinkphp\lang\zh-cn.php
[ info ] [ ROUTE ] array (
  'type' => 'module',
  'module' => 
  array (
    0 => '',
    1 => NULL,
    2 => NULL,
  ),
)
[ info ] [ HEADER ] array (
  'cookie' => 'PHPSESSID=523ctv6ccpf4r6l4au2hu12044',
  'accept-language' => 'zh-CN,zh;q=0.9,en;q=0.8',
  'accept-encoding' => 'gzip, deflate',
  'accept' => 'text/html,application/xhtml+xml,application/xml;q=0.9,image/webp,image/apng,*/*;q=0.8',
  'user-agent' => 'Mozilla/5.0 (Windows NT 10.0; WOW64) AppleWebKit/537.36 (KHTML, like Gecko) Chrome/70.0.3538.102 Safari/537.36',
  'upgrade-insecure-requests' => '1',
  'connection' => 'close',
  'host' => 'www.crmeb.net',
)
[ info ] [ PARAM ] array (
)
[ info ] [ SESSION ] INIT array (
  'prefix' => 'admin',
  'type' => '',
  'auto_start' => true,
)
[ info ] [ LOG ] INIT File
---------------------------------------------------------------
[ 2018-12-29T16:47:36+08:00 ] 127.0.0.1 127.0.0.1 GET /admin/login/index.html
[ info ] www.crmeb.net/admin/login/index.html [运行时间：0.294804s][吞吐率：3.39req/s] [内存消耗：1,760.27kb] [文件加载：52]
[ info ] [ LANG ] C:\Code\Mine\crmeb\thinkphp\lang\zh-cn.php
[ info ] [ ROUTE ] array (
  'type' => 'module',
  'module' => 
  array (
    0 => 'admin',
    1 => 'login',
    2 => 'index',
  ),
)
[ info ] [ HEADER ] array (
  'cookie' => 'PHPSESSID=523ctv6ccpf4r6l4au2hu12044',
  'accept-language' => 'zh-CN,zh;q=0.9,en;q=0.8',
  'accept-encoding' => 'gzip, deflate',
  'accept' => 'text/html,application/xhtml+xml,application/xml;q=0.9,image/webp,image/apng,*/*;q=0.8',
  'user-agent' => 'Mozilla/5.0 (Windows NT 10.0; WOW64) AppleWebKit/537.36 (KHTML, like Gecko) Chrome/70.0.3538.102 Safari/537.36',
  'upgrade-insecure-requests' => '1',
  'connection' => 'close',
  'host' => 'www.crmeb.net',
)
[ info ] [ PARAM ] array (
  '/admin/login/index_html' => '',
)
[ info ] [ RUN ] app\admin\controller\Login->index[ C:\Code\Mine\crmeb\application\admin\controller\Login.php ]
[ info ] [ VIEW ] C:\Code\Mine\crmeb/application/admin\view\login\index.php [ array (
) ]
[ info ] [ LOG ] INIT File
---------------------------------------------------------------
[ 2018-12-29T16:47:36+08:00 ] 127.0.0.1 127.0.0.1 GET /admin/login/captcha.html
[ info ] www.crmeb.net/admin/login/captcha.html [运行时间：0.351117s][吞吐率：2.85req/s] [内存消耗：1,754.71kb] [文件加载：51]
[ info ] [ LANG ] C:\Code\Mine\crmeb\thinkphp\lang\zh-cn.php
[ info ] [ ROUTE ] array (
  'type' => 'module',
  'module' => 
  array (
    0 => 'admin',
    1 => 'login',
    2 => 'captcha',
  ),
)
[ info ] [ HEADER ] array (
  'cookie' => 'PHPSESSID=523ctv6ccpf4r6l4au2hu12044',
  'accept-language' => 'zh-CN,zh;q=0.9,en;q=0.8',
  'accept-encoding' => 'gzip, deflate',
  'referer' => 'http://www.crmeb.net/admin/login/index.html',
  'accept' => 'image/webp,image/apng,image/*,*/*;q=0.8',
  'user-agent' => 'Mozilla/5.0 (Windows NT 10.0; WOW64) AppleWebKit/537.36 (KHTML, like Gecko) Chrome/70.0.3538.102 Safari/537.36',
  'connection' => 'close',
  'host' => 'www.crmeb.net',
)
[ info ] [ PARAM ] array (
  '/admin/login/captcha_html' => '',
)
[ info ] [ RUN ] app\admin\controller\Login->captcha[ C:\Code\Mine\crmeb\application\admin\controller\Login.php ]
[ info ] [ SESSION ] INIT array (
  'prefix' => 'admin',
  'type' => '',
  'auto_start' => true,
)
[ info ] [ LOG ] INIT File
---------------------------------------------------------------
[ 2018-12-29T16:47:41+08:00 ] 127.0.0.1 127.0.0.1 POST /admin/login/verify.html
[ info ] www.crmeb.net/admin/login/verify.html [运行时间：0.348262s][吞吐率：2.87req/s] [内存消耗：3,069.83kb] [文件加载：71]
[ info ] [ LANG ] C:\Code\Mine\crmeb\thinkphp\lang\zh-cn.php
[ info ] [ ROUTE ] array (
  'type' => 'module',
  'module' => 
  array (
    0 => 'admin',
    1 => 'login',
    2 => 'verify',
  ),
)
[ info ] [ HEADER ] array (
  'cookie' => 'PHPSESSID=523ctv6ccpf4r6l4au2hu12044',
  'accept-language' => 'zh-CN,zh;q=0.9,en;q=0.8',
  'accept-encoding' => 'gzip, deflate',
  'referer' => 'http://www.crmeb.net/admin/login/index.html',
  'accept' => 'text/html,application/xhtml+xml,application/xml;q=0.9,image/webp,image/apng,*/*;q=0.8',
  'user-agent' => 'Mozilla/5.0 (Windows NT 10.0; WOW64) AppleWebKit/537.36 (KHTML, like Gecko) Chrome/70.0.3538.102 Safari/537.36',
  'content-type' => 'application/x-www-form-urlencoded',
  'upgrade-insecure-requests' => '1',
  'origin' => 'http://www.crmeb.net',
  'cache-control' => 'max-age=0',
  'content-length' => '36',
  'connection' => 'close',
  'host' => 'www.crmeb.net',
)
[ info ] [ PARAM ] array (
  '/admin/login/verify_html' => '',
  'account' => 'admin',
  'pwd' => '123456',
  'verify' => '4666',
)
[ info ] [ RUN ] app\admin\controller\Login->verify[ C:\Code\Mine\crmeb\application\admin\controller\Login.php ]
[ info ] [ SESSION ] INIT array (
  'prefix' => 'admin',
  'type' => '',
  'auto_start' => true,
)
[ info ] [ DB ] INIT mysql
[ info ] [ CACHE ] INIT File
[ info ] [ BEHAVIOR ] Run behavior\system\SystemBehavior @system_admin_login_after [ RunTime:0.009897s ]
[ info ] [ LOG ] INIT File
[ sql ] [ DB ] CONNECT:[ UseTime:0.005845s ] mysql:host=127.0.0.1;dbname=crmeb_new;charset=utf8
[ sql ] [ SQL ] SHOW COLUMNS FROM `eb_system_admin` [ RunTime:0.031123s ]
[ sql ] [ SQL ] SELECT * FROM `eb_system_admin` WHERE  `account` = 'admin' LIMIT 1 [ RunTime:0.001831s ]
[ sql ] [ SQL ] UPDATE `eb_system_admin`  SET `last_ip`='127.0.0.1',`last_time`=1546073261  WHERE  `id` = 1 [ RunTime:0.002177s ]
---------------------------------------------------------------
[ 2018-12-29T16:47:42+08:00 ] 127.0.0.1 127.0.0.1 GET /admin/index/index.html
[ info ] www.crmeb.net/admin/index/index.html [运行时间：0.538702s][吞吐率：1.86req/s] [内存消耗：3,302.91kb] [文件加载：70]
[ info ] [ LANG ] C:\Code\Mine\crmeb\thinkphp\lang\zh-cn.php
[ info ] [ ROUTE ] array (
  'type' => 'module',
  'module' => 
  array (
    0 => 'admin',
    1 => 'index',
    2 => 'index',
  ),
)
[ info ] [ HEADER ] array (
  'cookie' => 'PHPSESSID=523ctv6ccpf4r6l4au2hu12044',
  'accept-language' => 'zh-CN,zh;q=0.9,en;q=0.8',
  'accept-encoding' => 'gzip, deflate',
  'referer' => 'http://www.crmeb.net/admin/login/index.html',
  'accept' => 'text/html,application/xhtml+xml,application/xml;q=0.9,image/webp,image/apng,*/*;q=0.8',
  'user-agent' => 'Mozilla/5.0 (Windows NT 10.0; WOW64) AppleWebKit/537.36 (KHTML, like Gecko) Chrome/70.0.3538.102 Safari/537.36',
  'upgrade-insecure-requests' => '1',
  'cache-control' => 'max-age=0',
  'connection' => 'close',
  'host' => 'www.crmeb.net',
)
[ info ] [ PARAM ] array (
  '/admin/index/index_html' => '',
)
[ info ] [ SESSION ] INIT array (
  'prefix' => 'admin',
  'type' => '',
  'auto_start' => true,
)
[ info ] [ DB ] INIT mysql
[ info ] [ BEHAVIOR ] Run behavior\system\SystemBehavior @admin_visit [ RunTime:0.000055s ]
[ info ] [ RUN ] app\admin\controller\Index->index[ C:\Code\Mine\crmeb\application\admin\controller\Index.php ]
[ info ] [ VIEW ] C:\Code\Mine\crmeb/application/admin\view\index\index.php [ array (
  0 => '_admin',
  1 => 'menuList',
  2 => 'site_logo',
  3 => 'role_name',
) ]
[ info ] [ LOG ] INIT File
[ sql ] [ DB ] CONNECT:[ UseTime:0.002040s ] mysql:host=127.0.0.1;dbname=crmeb_new;charset=utf8
[ sql ] [ SQL ] SHOW COLUMNS FROM `eb_system_admin` [ RunTime:0.038104s ]
[ sql ] [ SQL ] SELECT * FROM `eb_system_admin` WHERE  `id` = 1 LIMIT 1 [ RunTime:0.001689s ]
[ sql ] [ SQL ] SHOW COLUMNS FROM `eb_system_menus` [ RunTime:0.034396s ]
[ sql ] [ SQL ] SELECT `module`,`controller`,`action`,`params` FROM `eb_system_menus` WHERE  ( `controller` <> '' OR `action` <> '' ) [ RunTime:0.002463s ]
[ sql ] [ SQL ] SHOW COLUMNS FROM `eb_system_config` [ RunTime:0.032842s ]
[ sql ] [ SQL ] SELECT * FROM `eb_system_config` WHERE  `menu_name` = 'site_logo' LIMIT 1 [ RunTime:0.002069s ]
[ sql ] [ SQL ] SELECT * FROM `eb_system_menus` WHERE  `is_show` = 1  AND `access` = 1 ORDER BY sort DESC [ RunTime:0.004155s ]
[ sql ] [ SQL ] SHOW COLUMNS FROM `eb_system_role` [ RunTime:0.032295s ]
[ sql ] [ SQL ] SELECT `role_name` FROM `eb_system_role` WHERE  `id` = 1 LIMIT 1 [ RunTime:0.001902s ]
---------------------------------------------------------------
[ 2018-12-29T16:47:44+08:00 ] 127.0.0.1 127.0.0.1 GET /admin/index/main.html
[ info ] www.crmeb.net/admin/index/main.html [运行时间：0.810171s][吞吐率：1.23req/s] [内存消耗：3,247.95kb] [文件加载：69]
[ info ] [ LANG ] C:\Code\Mine\crmeb\thinkphp\lang\zh-cn.php
[ info ] [ ROUTE ] array (
  'type' => 'module',
  'module' => 
  array (
    0 => 'admin',
    1 => 'index',
    2 => 'main',
  ),
)
[ info ] [ HEADER ] array (
  'cookie' => 'PHPSESSID=523ctv6ccpf4r6l4au2hu12044',
  'accept-language' => 'zh-CN,zh;q=0.9,en;q=0.8',
  'accept-encoding' => 'gzip, deflate',
  'referer' => 'http://www.crmeb.net/admin/index/index.html',
  'accept' => 'text/html,application/xhtml+xml,application/xml;q=0.9,image/webp,image/apng,*/*;q=0.8',
  'user-agent' => 'Mozilla/5.0 (Windows NT 10.0; WOW64) AppleWebKit/537.36 (KHTML, like Gecko) Chrome/70.0.3538.102 Safari/537.36',
  'upgrade-insecure-requests' => '1',
  'connection' => 'close',
  'host' => 'www.crmeb.net',
)
[ info ] [ PARAM ] array (
  '/admin/index/main_html' => '',
)
[ info ] [ SESSION ] INIT array (
  'prefix' => 'admin',
  'type' => '',
  'auto_start' => true,
)
[ info ] [ DB ] INIT mysql
[ info ] [ BEHAVIOR ] Run behavior\system\SystemBehavior @admin_visit [ RunTime:0.000125s ]
[ info ] [ RUN ] app\admin\controller\Index->main[ C:\Code\Mine\crmeb\application\admin\controller\Index.php ]
[ info ] [ VIEW ] C:\Code\Mine\crmeb/application/admin\view\index\main.php [ array (
  0 => '_admin',
  1 => 'first_line',
  2 => 'second_line',
  3 => 'third_line',
) ]
[ info ] [ LOG ] INIT File
[ sql ] [ DB ] CONNECT:[ UseTime:0.003736s ] mysql:host=127.0.0.1;dbname=crmeb_new;charset=utf8
[ sql ] [ SQL ] SHOW COLUMNS FROM `eb_system_admin` [ RunTime:0.037543s ]
[ sql ] [ SQL ] SELECT * FROM `eb_system_admin` WHERE  `id` = 1 LIMIT 1 [ RunTime:0.002090s ]
[ sql ] [ SQL ] SHOW COLUMNS FROM `eb_system_menus` [ RunTime:0.037285s ]
[ sql ] [ SQL ] SELECT `module`,`controller`,`action`,`params` FROM `eb_system_menus` WHERE  ( `controller` <> '' OR `action` <> '' ) [ RunTime:0.003358s ]
[ sql ] [ SQL ] SHOW COLUMNS FROM `eb_store_order` [ RunTime:0.045608s ]
[ sql ] [ SQL ] SELECT sum(pay_price) FROM `eb_store_order` WHERE  `paid` = 1  AND `pay_time` > 1546012800 LIMIT 1 [ RunTime:0.001829s ]
[ sql ] [ SQL ] SELECT sum(pay_price) FROM `eb_store_order` WHERE  `paid` = 1  AND ( `pay_time` > 1545926400 AND `pay_time` < 1546012800 ) LIMIT 1 [ RunTime:0.002064s ]
[ sql ] [ SQL ] SELECT sum(pay_price) FROM `eb_store_order` WHERE  `paid` = 1  AND `pay_time` > 1543593600 LIMIT 1 [ RunTime:0.003993s ]
[ sql ] [ SQL ] SELECT sum(pay_price) FROM `eb_store_order` WHERE  `paid` = 1  AND ( `pay_time` > 1541001600 AND `pay_time` < 1543593600 ) LIMIT 1 [ RunTime:0.001726s ]
[ sql ] [ SQL ] SHOW COLUMNS FROM `eb_user` [ RunTime:0.035506s ]
[ sql ] [ SQL ] SELECT COUNT(*) AS tp_count FROM `eb_user` WHERE  `add_time` > 1546012800 LIMIT 1 [ RunTime:0.001637s ]
[ sql ] [ SQL ] SELECT COUNT(*) AS tp_count FROM `eb_user` WHERE  ( `add_time` > 1545926400 AND `add_time` < 1546012800 ) LIMIT 1 [ RunTime:0.002039s ]
[ sql ] [ SQL ] SELECT COUNT(*) AS tp_count FROM `eb_user` WHERE  `add_time` > 1543593600 LIMIT 1 [ RunTime:0.001621s ]
[ sql ] [ SQL ] SELECT COUNT(*) AS tp_count FROM `eb_user` WHERE  ( `add_time` > 1541001600 AND `add_time` < 1543593600 ) LIMIT 1 [ RunTime:0.001757s ]
[ sql ] [ SQL ] SELECT COUNT(*) AS tp_count FROM `eb_store_order` WHERE  ( `add_time` > 1546012800 AND `add_time` < 1546099200 ) LIMIT 1 [ RunTime:0.001754s ]
[ sql ] [ SQL ] SELECT COUNT(*) AS tp_count FROM `eb_store_order` WHERE  ( `add_time` > 1545926400 AND `add_time` < 1546012800 ) LIMIT 1 [ RunTime:0.001728s ]
[ sql ] [ SQL ] SELECT COUNT(*) AS tp_count FROM `eb_store_order` WHERE  ( `add_time` > 1545840000 AND `add_time` < 1545926400 ) LIMIT 1 [ RunTime:0.002744s ]
[ sql ] [ SQL ] SELECT COUNT(*) AS tp_count FROM `eb_store_order` WHERE  ( `add_time` > 1545753600 AND `add_time` < 1545840000 ) LIMIT 1 [ RunTime:0.001746s ]
[ sql ] [ SQL ] SELECT COUNT(*) AS tp_count FROM `eb_store_order` WHERE  ( `add_time` > 1545667200 AND `add_time` < 1545753600 ) LIMIT 1 [ RunTime:0.002721s ]
[ sql ] [ SQL ] SELECT COUNT(*) AS tp_count FROM `eb_store_order` WHERE  ( `add_time` > 1545580800 AND `add_time` < 1545667200 ) LIMIT 1 [ RunTime:0.001900s ]
[ sql ] [ SQL ] SELECT COUNT(*) AS tp_count FROM `eb_store_order` WHERE  ( `add_time` > 1545494400 AND `add_time` < 1545580800 ) LIMIT 1 [ RunTime:0.001995s ]
[ sql ] [ SQL ] SELECT COUNT(*) AS tp_count FROM `eb_store_order` WHERE  `add_time` > 1543593600 LIMIT 1 [ RunTime:0.001877s ]
[ sql ] [ SQL ] SELECT COUNT(*) AS tp_count FROM `eb_store_order` WHERE  ( `add_time` > 1541001600 AND `add_time` < 1543593600 ) LIMIT 1 [ RunTime:0.003755s ]
[ sql ] [ SQL ] SELECT COUNT(*) AS tp_count FROM `eb_store_order` WHERE  ( `add_time` > 1541001600 AND `add_time` < 1543593600 ) LIMIT 1 [ RunTime:0.002189s ]
[ sql ] [ SQL ] SELECT COUNT(*) AS tp_count FROM `eb_store_order` WHERE  ( `add_time` > 1538323200 AND `add_time` < 1541001600 ) LIMIT 1 [ RunTime:0.001832s ]
[ sql ] [ SQL ] SELECT sum(pay_price) FROM `eb_store_order` WHERE  `paid` = 1  AND ( `pay_time` > 1546012800 AND `pay_time` < 1546099200 ) LIMIT 1 [ RunTime:0.001852s ]
[ sql ] [ SQL ] SELECT sum(pay_price) FROM `eb_store_order` WHERE  `paid` = 1  AND ( `pay_time` > 1545926400 AND `pay_time` < 1546012800 ) LIMIT 1 [ RunTime:0.005169s ]
[ sql ] [ SQL ] SELECT sum(pay_price) FROM `eb_store_order` WHERE  `paid` = 1  AND ( `pay_time` > 1545840000 AND `pay_time` < 1545926400 ) LIMIT 1 [ RunTime:0.002620s ]
[ sql ] [ SQL ] SELECT sum(pay_price) FROM `eb_store_order` WHERE  `paid` = 1  AND ( `pay_time` > 1545753600 AND `pay_time` < 1545840000 ) LIMIT 1 [ RunTime:0.001680s ]
[ sql ] [ SQL ] SELECT sum(pay_price) FROM `eb_store_order` WHERE  `paid` = 1  AND ( `pay_time` > 1545667200 AND `pay_time` < 1545753600 ) LIMIT 1 [ RunTime:0.001817s ]
[ sql ] [ SQL ] SELECT sum(pay_price) FROM `eb_store_order` WHERE  `paid` = 1  AND ( `pay_time` > 1545580800 AND `pay_time` < 1545667200 ) LIMIT 1 [ RunTime:0.002442s ]
[ sql ] [ SQL ] SELECT sum(pay_price) FROM `eb_store_order` WHERE  `paid` = 1  AND ( `pay_time` > 1545494400 AND `pay_time` < 1545580800 ) LIMIT 1 [ RunTime:0.001698s ]
[ sql ] [ SQL ] SELECT sum(pay_price) FROM `eb_store_order` WHERE  `paid` = 1  AND ( `pay_time` > 1545408000 AND `pay_time` < 1545494400 ) LIMIT 1 [ RunTime:0.001805s ]
[ sql ] [ SQL ] SELECT sum(pay_price) FROM `eb_store_order` WHERE  `paid` = 1  AND ( `pay_time` > 1545321600 AND `pay_time` < 1545408000 ) LIMIT 1 [ RunTime:0.002014s ]
[ sql ] [ SQL ] SELECT sum(pay_price) FROM `eb_store_order` WHERE  `paid` = 1  AND ( `pay_time` > 1545235200 AND `pay_time` < 1545321600 ) LIMIT 1 [ RunTime:0.001884s ]
[ sql ] [ SQL ] SELECT sum(pay_price) FROM `eb_store_order` WHERE  `paid` = 1  AND ( `pay_time` > 1545148800 AND `pay_time` < 1545235200 ) LIMIT 1 [ RunTime:0.002165s ]
[ sql ] [ SQL ] SELECT sum(pay_price) FROM `eb_store_order` WHERE  `paid` = 1  AND ( `pay_time` > 1545062400 AND `pay_time` < 1545148800 ) LIMIT 1 [ RunTime:0.001460s ]
[ sql ] [ SQL ] SELECT sum(pay_price) FROM `eb_store_order` WHERE  `paid` = 1  AND ( `pay_time` > 1544976000 AND `pay_time` < 1545062400 ) LIMIT 1 [ RunTime:0.001963s ]
[ sql ] [ SQL ] SELECT sum(pay_price) FROM `eb_store_order` WHERE  `paid` = 1  AND ( `pay_time` > 1544889600 AND `pay_time` < 1544976000 ) LIMIT 1 [ RunTime:0.001591s ]
[ sql ] [ SQL ] SELECT sum(pay_price) FROM `eb_store_order` WHERE  `paid` = 1  AND ( `pay_time` > 1544803200 AND `pay_time` < 1544889600 ) LIMIT 1 [ RunTime:0.001407s ]
[ sql ] [ SQL ] SELECT sum(pay_price) FROM `eb_store_order` WHERE  `paid` = 1  AND ( `pay_time` > 1544716800 AND `pay_time` < 1544803200 ) LIMIT 1 [ RunTime:0.001902s ]
[ sql ] [ SQL ] SELECT sum(pay_price) FROM `eb_store_order` WHERE  `paid` = 1  AND ( `pay_time` > 1544630400 AND `pay_time` < 1544716800 ) LIMIT 1 [ RunTime:0.001618s ]
[ sql ] [ SQL ] SELECT sum(pay_price) FROM `eb_store_order` WHERE  `paid` = 1  AND ( `pay_time` > 1544544000 AND `pay_time` < 1544630400 ) LIMIT 1 [ RunTime:0.002615s ]
[ sql ] [ SQL ] SELECT sum(pay_price) FROM `eb_store_order` WHERE  `paid` = 1  AND ( `pay_time` > 1544457600 AND `pay_time` < 1544544000 ) LIMIT 1 [ RunTime:0.001891s ]
[ sql ] [ SQL ] SELECT sum(pay_price) FROM `eb_store_order` WHERE  `paid` = 1  AND ( `pay_time` > 1544371200 AND `pay_time` < 1544457600 ) LIMIT 1 [ RunTime:0.001550s ]
[ sql ] [ SQL ] SELECT sum(pay_price) FROM `eb_store_order` WHERE  `paid` = 1  AND ( `pay_time` > 1544284800 AND `pay_time` < 1544371200 ) LIMIT 1 [ RunTime:0.001394s ]
[ sql ] [ SQL ] SELECT sum(pay_price) FROM `eb_store_order` WHERE  `paid` = 1  AND ( `pay_time` > 1544198400 AND `pay_time` < 1544284800 ) LIMIT 1 [ RunTime:0.001569s ]
[ sql ] [ SQL ] SELECT sum(pay_price) FROM `eb_store_order` WHERE  `paid` = 1  AND ( `pay_time` > 1544112000 AND `pay_time` < 1544198400 ) LIMIT 1 [ RunTime:0.001522s ]
[ sql ] [ SQL ] SELECT sum(pay_price) FROM `eb_store_order` WHERE  `paid` = 1  AND ( `pay_time` > 1544025600 AND `pay_time` < 1544112000 ) LIMIT 1 [ RunTime:0.001429s ]
[ sql ] [ SQL ] SELECT sum(pay_price) FROM `eb_store_order` WHERE  `paid` = 1  AND ( `pay_time` > 1543939200 AND `pay_time` < 1544025600 ) LIMIT 1 [ RunTime:0.001565s ]
[ sql ] [ SQL ] SELECT sum(pay_price) FROM `eb_store_order` WHERE  `paid` = 1  AND ( `pay_time` > 1543852800 AND `pay_time` < 1543939200 ) LIMIT 1 [ RunTime:0.002805s ]
[ sql ] [ SQL ] SELECT sum(pay_price) FROM `eb_store_order` WHERE  `paid` = 1  AND ( `pay_time` > 1543766400 AND `pay_time` < 1543852800 ) LIMIT 1 [ RunTime:0.001846s ]
[ sql ] [ SQL ] SELECT sum(pay_price) FROM `eb_store_order` WHERE  `paid` = 1  AND ( `pay_time` > 1543680000 AND `pay_time` < 1543766400 ) LIMIT 1 [ RunTime:0.001534s ]
[ sql ] [ SQL ] SELECT sum(pay_price) FROM `eb_store_order` WHERE  `paid` = 1  AND ( `pay_time` > 1543593600 AND `pay_time` < 1543680000 ) LIMIT 1 [ RunTime:0.001530s ]
[ sql ] [ SQL ] SELECT sum(pay_price) FROM `eb_store_order` WHERE  `paid` = 1  AND ( `pay_time` > 1543507200 AND `pay_time` < 1543593600 ) LIMIT 1 [ RunTime:0.001618s ]
---------------------------------------------------------------
[ 2018-12-29T16:47:46+08:00 ] 127.0.0.1 127.0.0.1 GET /admin/store.store_coupon_user/index.html
[ info ] www.crmeb.net/admin/store.store_coupon_user/index.html [运行时间：0.619607s][吞吐率：1.61req/s] [内存消耗：3,383.43kb] [文件加载：74]
[ info ] [ LANG ] C:\Code\Mine\crmeb\thinkphp\lang\zh-cn.php
[ info ] [ ROUTE ] array (
  'type' => 'module',
  'module' => 
  array (
    0 => 'admin',
    1 => 'store.store_coupon_user',
    2 => 'index',
  ),
)
[ info ] [ HEADER ] array (
  'cookie' => 'PHPSESSID=523ctv6ccpf4r6l4au2hu12044',
  'accept-language' => 'zh-CN,zh;q=0.9,en;q=0.8',
  'accept-encoding' => 'gzip, deflate',
  'referer' => 'http://www.crmeb.net/admin/index/index.html',
  'accept' => 'text/html,application/xhtml+xml,application/xml;q=0.9,image/webp,image/apng,*/*;q=0.8',
  'user-agent' => 'Mozilla/5.0 (Windows NT 10.0; WOW64) AppleWebKit/537.36 (KHTML, like Gecko) Chrome/70.0.3538.102 Safari/537.36',
  'upgrade-insecure-requests' => '1',
  'connection' => 'close',
  'host' => 'www.crmeb.net',
)
[ info ] [ PARAM ] array (
  '/admin/store_store_coupon_user/index_html' => '',
)
[ info ] [ SESSION ] INIT array (
  'prefix' => 'admin',
  'type' => '',
  'auto_start' => true,
)
[ info ] [ DB ] INIT mysql
[ info ] [ BEHAVIOR ] Run behavior\system\SystemBehavior @admin_visit [ RunTime:0.050418s ]
[ info ] [ RUN ] app\admin\controller\store\StoreCouponUser->index[ C:\Code\Mine\crmeb\application\admin\controller\store\StoreCouponUser.php ]
[ info ] [ VIEW ] C:\Code\Mine\crmeb/application/admin\view\store\store_coupon_user\index.php [ array (
  0 => '_admin',
  1 => 'where',
  2 => 'list',
  3 => 'page',
  4 => 'total',
) ]
[ info ] [ LOG ] INIT File
[ sql ] [ DB ] CONNECT:[ UseTime:0.002088s ] mysql:host=127.0.0.1;dbname=crmeb_new;charset=utf8
[ sql ] [ SQL ] SHOW COLUMNS FROM `eb_system_admin` [ RunTime:0.034171s ]
[ sql ] [ SQL ] SELECT * FROM `eb_system_admin` WHERE  `id` = 1 LIMIT 1 [ RunTime:0.003322s ]
[ sql ] [ SQL ] SHOW COLUMNS FROM `eb_system_menus` [ RunTime:0.029902s ]
[ sql ] [ SQL ] SELECT `module`,`controller`,`action`,`params` FROM `eb_system_menus` WHERE  ( `controller` <> '' OR `action` <> '' ) [ RunTime:0.002205s ]
[ sql ] [ SQL ] SELECT `menu_name` FROM `eb_system_menus` WHERE  `action` = 'index'  AND `controller` = 'store.storeCouponUser'  AND `module` = 'admin'  AND ( `params` = '[]' or `params` = '[]' ) ORDER BY id DESC LIMIT 1 [ RunTime:0.002690s ]
[ sql ] [ SQL ] SHOW COLUMNS FROM `eb_system_log` [ RunTime:0.034483s ]
[ sql ] [ SQL ] INSERT INTO `eb_system_log` (`method` , `admin_id` , `admin_name` , `path` , `page` , `ip` , `type` , `add_time`) VALUES ('GET' , 1 , 'admin' , 'admin/store.storecouponuser/index/' , '优惠券发放管理' , '127.0.0.1' , 'system' , 1546073266) [ RunTime:0.004942s ]
[ sql ] [ SQL ] SHOW COLUMNS FROM `eb_store_coupon_user` [ RunTime:0.033385s ]
[ sql ] [ SQL ] SELECT COUNT(*) AS tp_count FROM `eb_store_coupon_user` LIMIT 1 [ RunTime:0.001911s ]
[ sql ] [ SQL ] SELECT * FROM `eb_store_coupon_user` ORDER BY id desc LIMIT 0,15 [ RunTime:0.001856s ]
[ sql ] [ SQL ] SHOW COLUMNS FROM `eb_wechat_user` [ RunTime:0.036965s ]
[ sql ] [ SQL ] SELECT `nickname` FROM `eb_wechat_user` WHERE  `uid` = 1 LIMIT 1 [ RunTime:0.001731s ]
[ sql ] [ SQL ] SELECT `nickname` FROM `eb_wechat_user` WHERE  `uid` = 1 LIMIT 1 [ RunTime:0.001589s ]
[ sql ] [ SQL ] SELECT `nickname` FROM `eb_wechat_user` WHERE  `uid` = 1 LIMIT 1 [ RunTime:0.001900s ]
[ sql ] [ SQL ] SELECT `nickname` FROM `eb_wechat_user` WHERE  `uid` = 5 LIMIT 1 [ RunTime:0.001635s ]
[ sql ] [ SQL ] SELECT `nickname` FROM `eb_wechat_user` WHERE  `uid` = 5 LIMIT 1 [ RunTime:0.001617s ]
[ sql ] [ SQL ] SELECT `nickname` FROM `eb_wechat_user` WHERE  `uid` = 5 LIMIT 1 [ RunTime:0.001573s ]
[ sql ] [ SQL ] SELECT `nickname` FROM `eb_wechat_user` WHERE  `uid` = 5 LIMIT 1 [ RunTime:0.001582s ]
[ sql ] [ SQL ] SELECT `nickname` FROM `eb_wechat_user` WHERE  `uid` = 3 LIMIT 1 [ RunTime:0.001551s ]
[ sql ] [ SQL ] SELECT `nickname` FROM `eb_wechat_user` WHERE  `uid` = 3 LIMIT 1 [ RunTime:0.001665s ]
[ sql ] [ SQL ] SELECT `nickname` FROM `eb_wechat_user` WHERE  `uid` = 3 LIMIT 1 [ RunTime:0.001601s ]
[ sql ] [ SQL ] SELECT `nickname` FROM `eb_wechat_user` WHERE  `uid` = 3 LIMIT 1 [ RunTime:0.001600s ]
[ sql ] [ SQL ] SELECT `nickname` FROM `eb_wechat_user` WHERE  `uid` = 2 LIMIT 1 [ RunTime:0.001499s ]
[ sql ] [ SQL ] SELECT `nickname` FROM `eb_wechat_user` WHERE  `uid` = 1 LIMIT 1 [ RunTime:0.001504s ]
---------------------------------------------------------------
[ 2018-12-29T16:49:07+08:00 ] 127.0.0.1 127.0.0.1 GET /public/static/plug/axios.min.map
[ info ] www.crmeb.net/public/static/plug/axios.min.map [运行时间：0.492958s][吞吐率：2.03req/s] [内存消耗：1,430.96kb] [文件加载：43]
[ info ] [ LANG ] C:\Code\Mine\crmeb\thinkphp\lang\zh-cn.php
[ info ] [ ROUTE ] array (
  'type' => 'module',
  'module' => 
  array (
    0 => 'public',
    1 => 'static',
    2 => 'plug',
  ),
)
[ info ] [ HEADER ] array (
  'cookie' => 'PHPSESSID=523ctv6ccpf4r6l4au2hu12044',
  'accept-language' => 'zh-CN,zh;q=0.9,en;q=0.8',
  'accept-encoding' => 'gzip, deflate',
  'user-agent' => 'Mozilla/5.0 (Windows NT 10.0; WOW64) AppleWebKit/537.36 (KHTML, like Gecko) Chrome/70.0.3538.102 Safari/537.36',
  'connection' => 'close',
  'host' => 'www.crmeb.net',
)
[ info ] [ PARAM ] array (
  '/public/static/plug/axios_min_map' => '',
)
[ info ] [ LOG ] INIT File
---------------------------------------------------------------
[ 2018-12-29T16:49:08+08:00 ] 127.0.0.1 127.0.0.1 GET /public/system/frame/css/bootstrap.min.css.map
[ info ] www.crmeb.net/public/system/frame/css/bootstrap.min.css.map [运行时间：0.484533s][吞吐率：2.06req/s] [内存消耗：1,431.43kb] [文件加载：43]
[ info ] [ LANG ] C:\Code\Mine\crmeb\thinkphp\lang\zh-cn.php
[ info ] [ ROUTE ] array (
  'type' => 'module',
  'module' => 
  array (
    0 => 'public',
    1 => 'system',
    2 => 'frame',
  ),
)
[ info ] [ HEADER ] array (
  'cookie' => 'PHPSESSID=523ctv6ccpf4r6l4au2hu12044',
  'accept-language' => 'zh-CN,zh;q=0.9,en;q=0.8',
  'accept-encoding' => 'gzip, deflate',
  'user-agent' => 'Mozilla/5.0 (Windows NT 10.0; WOW64) AppleWebKit/537.36 (KHTML, like Gecko) Chrome/70.0.3538.102 Safari/537.36',
  'connection' => 'close',
  'host' => 'www.crmeb.net',
)
[ info ] [ PARAM ] array (
  '/public/system/frame/css/bootstrap_min_css_map' => '',
  'css' => 'bootstrap.min.css.map',
)
[ info ] [ LOG ] INIT File
---------------------------------------------------------------
[ 2018-12-29T16:49:11+08:00 ] 127.0.0.1 127.0.0.1 GET /admin/store.store_coupon/index.html
[ info ] www.crmeb.net/admin/store.store_coupon/index.html [运行时间：0.597713s][吞吐率：1.67req/s] [内存消耗：3,350.73kb] [文件加载：74]
[ info ] [ LANG ] C:\Code\Mine\crmeb\thinkphp\lang\zh-cn.php
[ info ] [ ROUTE ] array (
  'type' => 'module',
  'module' => 
  array (
    0 => 'admin',
    1 => 'store.store_coupon',
    2 => 'index',
  ),
)
[ info ] [ HEADER ] array (
  'cookie' => 'PHPSESSID=523ctv6ccpf4r6l4au2hu12044',
  'accept-language' => 'zh-CN,zh;q=0.9,en;q=0.8',
  'accept-encoding' => 'gzip, deflate',
  'referer' => 'http://www.crmeb.net/admin/index/index.html',
  'accept' => 'text/html,application/xhtml+xml,application/xml;q=0.9,image/webp,image/apng,*/*;q=0.8',
  'user-agent' => 'Mozilla/5.0 (Windows NT 10.0; WOW64) AppleWebKit/537.36 (KHTML, like Gecko) Chrome/70.0.3538.102 Safari/537.36',
  'upgrade-insecure-requests' => '1',
  'connection' => 'close',
  'host' => 'www.crmeb.net',
)
[ info ] [ PARAM ] array (
  '/admin/store_store_coupon/index_html' => '',
)
[ info ] [ SESSION ] INIT array (
  'prefix' => 'admin',
  'type' => '',
  'auto_start' => true,
)
[ info ] [ DB ] INIT mysql
[ info ] [ BEHAVIOR ] Run behavior\system\SystemBehavior @admin_visit [ RunTime:0.045915s ]
[ info ] [ RUN ] app\admin\controller\store\StoreCoupon->index[ C:\Code\Mine\crmeb\application\admin\controller\store\StoreCoupon.php ]
[ info ] [ VIEW ] C:\Code\Mine\crmeb/application/admin\view\store\store_coupon\index.php [ array (
  0 => '_admin',
  1 => 'where',
  2 => 'list',
  3 => 'page',
  4 => 'total',
) ]
[ info ] [ LOG ] INIT File
[ sql ] [ DB ] CONNECT:[ UseTime:0.002888s ] mysql:host=127.0.0.1;dbname=crmeb_new;charset=utf8
[ sql ] [ SQL ] SHOW COLUMNS FROM `eb_system_admin` [ RunTime:0.037806s ]
[ sql ] [ SQL ] SELECT * FROM `eb_system_admin` WHERE  `id` = 1 LIMIT 1 [ RunTime:0.002248s ]
[ sql ] [ SQL ] SHOW COLUMNS FROM `eb_system_menus` [ RunTime:0.040885s ]
[ sql ] [ SQL ] SELECT `module`,`controller`,`action`,`params` FROM `eb_system_menus` WHERE  ( `controller` <> '' OR `action` <> '' ) [ RunTime:0.002892s ]
[ sql ] [ SQL ] SELECT `menu_name` FROM `eb_system_menus` WHERE  `action` = 'index'  AND `controller` = 'store.storeCoupon'  AND `module` = 'admin'  AND ( `params` = '[]' or `params` = '[]' ) ORDER BY id DESC LIMIT 1 [ RunTime:0.002855s ]
[ sql ] [ SQL ] SHOW COLUMNS FROM `eb_system_log` [ RunTime:0.035247s ]
[ sql ] [ SQL ] INSERT INTO `eb_system_log` (`method` , `admin_id` , `admin_name` , `path` , `page` , `ip` , `type` , `add_time`) VALUES ('GET' , 1 , 'admin' , 'admin/store.storecoupon/index/' , '优惠券管理展示页' , '127.0.0.1' , 'system' , 1546073351) [ RunTime:0.002025s ]
[ sql ] [ SQL ] SHOW COLUMNS FROM `eb_store_coupon` [ RunTime:0.038572s ]
[ sql ] [ SQL ] SELECT COUNT(*) AS tp_count FROM `eb_store_coupon` WHERE  `is_del` = 0 LIMIT 1 [ RunTime:0.001840s ]
[ sql ] [ SQL ] SELECT * FROM `eb_store_coupon` WHERE  `is_del` = 0 ORDER BY sort desc,id desc LIMIT 0,20 [ RunTime:0.002075s ]
---------------------------------------------------------------
[ 2018-12-29T16:49:12+08:00 ] 127.0.0.1 127.0.0.1 GET /public/system/frame/css/bootstrap.min.css.map
[ info ] www.crmeb.net/public/system/frame/css/bootstrap.min.css.map [运行时间：0.469395s][吞吐率：2.13req/s] [内存消耗：1,431.43kb] [文件加载：43]
[ info ] [ LANG ] C:\Code\Mine\crmeb\thinkphp\lang\zh-cn.php
[ info ] [ ROUTE ] array (
  'type' => 'module',
  'module' => 
  array (
    0 => 'public',
    1 => 'system',
    2 => 'frame',
  ),
)
[ info ] [ HEADER ] array (
  'cookie' => 'PHPSESSID=523ctv6ccpf4r6l4au2hu12044',
  'accept-language' => 'zh-CN,zh;q=0.9,en;q=0.8',
  'accept-encoding' => 'gzip, deflate',
  'user-agent' => 'Mozilla/5.0 (Windows NT 10.0; WOW64) AppleWebKit/537.36 (KHTML, like Gecko) Chrome/70.0.3538.102 Safari/537.36',
  'connection' => 'close',
  'host' => 'www.crmeb.net',
)
[ info ] [ PARAM ] array (
  '/public/system/frame/css/bootstrap_min_css_map' => '',
  'css' => 'bootstrap.min.css.map',
)
[ info ] [ LOG ] INIT File
---------------------------------------------------------------
[ 2018-12-29T16:49:16+08:00 ] 127.0.0.1 127.0.0.1 GET /admin/store.store_coupon/index.html
[ info ] www.crmeb.net/admin/store.store_coupon/index.html [运行时间：0.536542s][吞吐率：1.86req/s] [内存消耗：3,351.27kb] [文件加载：74]
[ info ] [ LANG ] C:\Code\Mine\crmeb\thinkphp\lang\zh-cn.php
[ info ] [ ROUTE ] array (
  'type' => 'module',
  'module' => 
  array (
    0 => 'admin',
    1 => 'store.store_coupon',
    2 => 'index',
  ),
)
[ info ] [ HEADER ] array (
  'cookie' => 'PHPSESSID=523ctv6ccpf4r6l4au2hu12044',
  'accept-language' => 'zh-CN,zh;q=0.9,en;q=0.8',
  'accept-encoding' => 'gzip, deflate',
  'referer' => 'http://www.crmeb.net/admin/store.store_coupon/index.html',
  'accept' => 'text/html,application/xhtml+xml,application/xml;q=0.9,image/webp,image/apng,*/*;q=0.8',
  'user-agent' => 'Mozilla/5.0 (Windows NT 10.0; WOW64) AppleWebKit/537.36 (KHTML, like Gecko) Chrome/70.0.3538.102 Safari/537.36',
  'upgrade-insecure-requests' => '1',
  'cache-control' => 'max-age=0',
  'connection' => 'close',
  'host' => 'www.crmeb.net',
)
[ info ] [ PARAM ] array (
  '/admin/store_store_coupon/index_html' => '',
)
[ info ] [ SESSION ] INIT array (
  'prefix' => 'admin',
  'type' => '',
  'auto_start' => true,
)
[ info ] [ DB ] INIT mysql
[ info ] [ BEHAVIOR ] Run behavior\system\SystemBehavior @admin_visit [ RunTime:0.053751s ]
[ info ] [ RUN ] app\admin\controller\store\StoreCoupon->index[ C:\Code\Mine\crmeb\application\admin\controller\store\StoreCoupon.php ]
[ info ] [ VIEW ] C:\Code\Mine\crmeb/application/admin\view\store\store_coupon\index.php [ array (
  0 => '_admin',
  1 => 'where',
  2 => 'list',
  3 => 'page',
  4 => 'total',
) ]
[ info ] [ LOG ] INIT File
[ sql ] [ DB ] CONNECT:[ UseTime:0.002520s ] mysql:host=127.0.0.1;dbname=crmeb_new;charset=utf8
[ sql ] [ SQL ] SHOW COLUMNS FROM `eb_system_admin` [ RunTime:0.032628s ]
[ sql ] [ SQL ] SELECT * FROM `eb_system_admin` WHERE  `id` = 1 LIMIT 1 [ RunTime:0.001837s ]
[ sql ] [ SQL ] SHOW COLUMNS FROM `eb_system_menus` [ RunTime:0.034163s ]
[ sql ] [ SQL ] SELECT `module`,`controller`,`action`,`params` FROM `eb_system_menus` WHERE  ( `controller` <> '' OR `action` <> '' ) [ RunTime:0.002831s ]
[ sql ] [ SQL ] SELECT `menu_name` FROM `eb_system_menus` WHERE  `action` = 'index'  AND `controller` = 'store.storeCoupon'  AND `module` = 'admin'  AND ( `params` = '[]' or `params` = '[]' ) ORDER BY id DESC LIMIT 1 [ RunTime:0.002690s ]
[ sql ] [ SQL ] SHOW COLUMNS FROM `eb_system_log` [ RunTime:0.042543s ]
[ sql ] [ SQL ] INSERT INTO `eb_system_log` (`method` , `admin_id` , `admin_name` , `path` , `page` , `ip` , `type` , `add_time`) VALUES ('GET' , 1 , 'admin' , 'admin/store.storecoupon/index/' , '优惠券管理展示页' , '127.0.0.1' , 'system' , 1546073355) [ RunTime:0.001744s ]
[ sql ] [ SQL ] SHOW COLUMNS FROM `eb_store_coupon` [ RunTime:0.036947s ]
[ sql ] [ SQL ] SELECT COUNT(*) AS tp_count FROM `eb_store_coupon` WHERE  `is_del` = 0 LIMIT 1 [ RunTime:0.001557s ]
[ sql ] [ SQL ] SELECT * FROM `eb_store_coupon` WHERE  `is_del` = 0 ORDER BY sort desc,id desc LIMIT 0,20 [ RunTime:0.001550s ]
---------------------------------------------------------------
[ 2018-12-29T16:49:17+08:00 ] 127.0.0.1 127.0.0.1 GET /public/system/frame/css/bootstrap.min.css.map
[ info ] www.crmeb.net/public/system/frame/css/bootstrap.min.css.map [运行时间：0.457237s][吞吐率：2.19req/s] [内存消耗：1,431.43kb] [文件加载：43]
[ info ] [ LANG ] C:\Code\Mine\crmeb\thinkphp\lang\zh-cn.php
[ info ] [ ROUTE ] array (
  'type' => 'module',
  'module' => 
  array (
    0 => 'public',
    1 => 'system',
    2 => 'frame',
  ),
)
[ info ] [ HEADER ] array (
  'cookie' => 'PHPSESSID=523ctv6ccpf4r6l4au2hu12044',
  'accept-language' => 'zh-CN,zh;q=0.9,en;q=0.8',
  'accept-encoding' => 'gzip, deflate',
  'user-agent' => 'Mozilla/5.0 (Windows NT 10.0; WOW64) AppleWebKit/537.36 (KHTML, like Gecko) Chrome/70.0.3538.102 Safari/537.36',
  'connection' => 'close',
  'host' => 'www.crmeb.net',
)
[ info ] [ PARAM ] array (
  '/public/system/frame/css/bootstrap_min_css_map' => '',
  'css' => 'bootstrap.min.css.map',
)
[ info ] [ LOG ] INIT File
